2026-02-12 09:06:56 | INFO: [perform_fitting_sync] 参数边界设置完成，共 3 个参数待优化
2026-02-12 09:06:56 | INFO: [perform_fitting_sync] L-BFGS-B优化参数：最大迭代=10
2026-02-12 09:06:56 | INFO: [perform_fitting_sync] L-BFGS-B优化完成，目标函数值=2176505.1762, 收敛=1
2026-02-12 09:07:01 | INFO: [perform_fitting_sync] 参数边界设置完成，共 3 个参数待优化
2026-02-12 09:07:01 | INFO: [perform_fitting_sync] L-BFGS-B优化参数：最大迭代=10
2026-02-12 09:07:01 | INFO: [perform_fitting_sync] L-BFGS-B优化完成，目标函数值=2098554.1130, 收敛=1
2026-02-12 09:07:02 | INFO: [perform_fitting_sync] 参数边界设置完成，共 3 个参数待优化
2026-02-12 09:07:02 | INFO: [perform_fitting_sync] L-BFGS-B优化参数：最大迭代=10
2026-02-12 09:07:03 | INFO: [perform_fitting_sync] L-BFGS-B优化完成，目标函数值=2073819.7464, 收敛=1
2026-02-12 09:07:04 | INFO: [perform_fitting_sync] 参数边界设置完成，共 3 个参数待优化
2026-02-12 09:07:04 | INFO: [perform_fitting_sync] L-BFGS-B优化参数：最大迭代=10
2026-02-12 09:07:04 | INFO: [perform_fitting_sync] L-BFGS-B优化完成，目标函数值=2035504.6791, 收敛=1
2026-02-12 09:07:05 | INFO: [perform_fitting_sync] 参数边界设置完成，共 3 个参数待优化
2026-02-12 09:07:05 | INFO: [perform_fitting_sync] L-BFGS-B优化参数：最大迭代=10
2026-02-12 09:07:05 | INFO: [perform_fitting_sync] L-BFGS-B优化完成，目标函数值=2021715.5222, 收敛=1
2026-02-12 09:07:09 | INFO: [perform_fitting_sync] 参数边界设置完成，共 4 个参数待优化
2026-02-12 09:07:09 | INFO: [perform_fitting_sync] L-BFGS-B优化参数：最大迭代=10
2026-02-12 09:07:09 | INFO: [perform_fitting_sync] L-BFGS-B优化完成，目标函数值=580106.3193, 收敛=1
2026-02-12 09:07:10 | INFO: [perform_fitting_sync] 参数边界设置完成，共 4 个参数待优化
2026-02-12 09:07:10 | INFO: [perform_fitting_sync] L-BFGS-B优化参数：最大迭代=100
2026-02-12 09:07:10 | INFO: [perform_fitting_sync] L-BFGS-B优化完成，目标函数值=417269.2886, 收敛=0
2026-02-12 09:07:11 | INFO: [perform_fitting_sync] 参数边界设置完成，共 4 个参数待优化
2026-02-12 09:07:11 | INFO: [perform_fitting_sync] L-BFGS-B优化参数：最大迭代=100
2026-02-12 09:07:11 | INFO: [perform_fitting_sync] L-BFGS-B优化完成，目标函数值=417272.9726, 收敛=0
2026-02-12 09:07:12 | INFO: [perform_fitting_sync] 参数边界设置完成，共 4 个参数待优化
2026-02-12 09:07:12 | INFO: [perform_fitting_sync] L-BFGS-B优化参数：最大迭代=100
2026-02-12 09:07:12 | INFO: [perform_fitting_sync] L-BFGS-B优化完成，目标函数值=417272.9726, 收敛=0
2026-02-12 09:07:13 | INFO: [perform_fitting_sync] 参数边界设置完成，共 4 个参数待优化
2026-02-12 09:07:13 | INFO: [perform_fitting_sync] L-BFGS-B优化参数：最大迭代=10
2026-02-12 09:07:13 | INFO: [perform_fitting_sync] L-BFGS-B优化完成，目标函数值=417272.9726, 收敛=0
2026-02-12 09:07:14 | INFO: [perform_fitting_sync] 参数边界设置完成，共 4 个参数待优化
2026-02-12 09:07:14 | INFO: [perform_fitting_sync] L-BFGS-B优化参数：最大迭代=10
2026-02-12 09:07:14 | INFO: [perform_fitting_sync] L-BFGS-B优化完成，目标函数值=417272.9726, 收敛=0
2026-02-12 09:07:48 | INFO: [perform_fitting_sync] 参数边界设置完成，共 4 个参数待优化
2026-02-12 09:07:48 | INFO: [perform_fitting_sync] L-BFGS-B优化参数：最大迭代=100
2026-02-12 09:07:48 | INFO: [perform_fitting_sync] L-BFGS-B优化完成，目标函数值=417272.9726, 收敛=0
2026-02-12 09:07:51 | INFO: [perform_fitting_sync] 参数边界设置完成，共 4 个参数待优化
2026-02-12 09:07:51 | INFO: [perform_fitting_sync] L-BFGS-B优化参数：最大迭代=100
2026-02-12 09:07:51 | INFO: [perform_fitting_sync] L-BFGS-B优化完成，目标函数值=417272.9726, 收敛=0
2026-02-12 09:08:41 | INFO: [perform_fitting_sync] 参数边界设置完成，共 4 个参数待优化
2026-02-12 09:08:41 | INFO: [perform_fitting_sync] L-BFGS-B优化参数：最大迭代=100
2026-02-12 09:08:41 | INFO: [perform_fitting_sync] L-BFGS-B优化完成，目标函数值=417272.9726, 收敛=0
2026-02-12 10:37:19 | INFO: [perform_fitting_sync] 参数边界设置完成，共 4 个参数待优化
2026-02-12 10:37:19 | INFO: [perform_fitting_sync] L-BFGS-B优化参数：最大迭代=10
2026-02-12 10:37:20 | INFO: [perform_fitting_sync] L-BFGS-B优化完成，目标函数值=58377830.2734, 收敛=1
2026-02-12 10:37:23 | INFO: [perform_fitting_sync] 参数边界设置完成，共 4 个参数待优化
2026-02-12 10:37:23 | INFO: [perform_fitting_sync] L-BFGS-B优化参数：最大迭代=10
2026-02-12 10:37:24 | INFO: [perform_fitting_sync] L-BFGS-B优化完成，目标函数值=18537067.0680, 收敛=1
2026-02-12 10:37:26 | INFO: [perform_fitting_sync] 参数边界设置完成，共 4 个参数待优化
2026-02-12 10:37:26 | INFO: [perform_fitting_sync] L-BFGS-B优化参数：最大迭代=10
2026-02-12 10:37:27 | INFO: [perform_fitting_sync] L-BFGS-B优化完成，目标函数值=7600159.8831, 收敛=0
2026-02-12 10:37:28 | INFO: [perform_fitting_sync] 参数边界设置完成，共 4 个参数待优化
2026-02-12 10:37:28 | INFO: [perform_fitting_sync] L-BFGS-B优化参数：最大迭代=10
2026-02-12 10:37:29 | INFO: [perform_fitting_sync] L-BFGS-B优化完成，目标函数值=7226635.4065, 收敛=1
2026-02-12 10:37:31 | INFO: [perform_fitting_sync] 参数边界设置完成，共 4 个参数待优化
2026-02-12 10:37:31 | INFO: [perform_fitting_sync] L-BFGS-B优化参数：最大迭代=10
2026-02-12 10:37:32 | INFO: [perform_fitting_sync] L-BFGS-B优化完成，目标函数值=7204079.2268, 收敛=1
2026-02-12 10:37:42 | INFO: [perform_fitting_sync] 参数边界设置完成，共 4 个参数待优化
2026-02-12 10:37:42 | INFO: [perform_fitting_sync] L-BFGS-B优化参数：最大迭代=10
2026-02-12 10:37:43 | INFO: [perform_fitting_sync] L-BFGS-B优化完成，目标函数值=7204031.3267, 收敛=1
2026-02-12 10:38:01 | INFO: [perform_fitting_sync] 参数边界设置完成，共 6 个参数待优化
2026-02-12 10:38:01 | INFO: [perform_fitting_sync] L-BFGS-B优化参数：最大迭代=10
2026-02-12 10:38:02 | INFO: [perform_fitting_sync] L-BFGS-B优化完成，目标函数值=7953451.1639, 收敛=1
2026-02-12 10:38:04 | INFO: [perform_fitting_sync] 参数边界设置完成，共 6 个参数待优化
2026-02-12 10:38:04 | INFO: [perform_fitting_sync] L-BFGS-B优化参数：最大迭代=10
2026-02-12 10:38:06 | INFO: [perform_fitting_sync] L-BFGS-B优化完成，目标函数值=7851114.3050, 收敛=1
2026-02-12 10:38:07 | INFO: [perform_fitting_sync] 参数边界设置完成，共 6 个参数待优化
2026-02-12 10:38:07 | INFO: [perform_fitting_sync] L-BFGS-B优化参数：最大迭代=100
2026-02-12 10:38:14 | INFO: [perform_fitting_sync] L-BFGS-B优化完成，目标函数值=6789114.7274, 收敛=0
2026-02-12 10:38:19 | INFO: [perform_fitting_sync] 参数边界设置完成，共 8 个参数待优化
2026-02-12 10:38:19 | INFO: [perform_fitting_sync] L-BFGS-B优化参数：最大迭代=10
2026-02-12 10:38:21 | INFO: [perform_fitting_sync] L-BFGS-B优化完成，目标函数值=6324410.4966, 收敛=1
2026-02-12 10:38:22 | INFO: [perform_fitting_sync] 参数边界设置完成，共 8 个参数待优化
2026-02-12 10:38:22 | INFO: [perform_fitting_sync] L-BFGS-B优化参数：最大迭代=10
2026-02-12 10:38:23 | INFO: [perform_fitting_sync] L-BFGS-B优化完成，目标函数值=5621485.4984, 收敛=1
2026-02-12 10:38:24 | INFO: [perform_fitting_sync] 参数边界设置完成，共 8 个参数待优化
2026-02-12 10:38:24 | INFO: [perform_fitting_sync] L-BFGS-B优化参数：最大迭代=10
2026-02-12 10:38:26 | INFO: [perform_fitting_sync] L-BFGS-B优化完成，目标函数值=5607540.8040, 收敛=1
2026-02-12 10:38:31 | INFO: [perform_fitting_sync] 参数边界设置完成，共 8 个参数待优化
2026-02-12 10:38:31 | INFO: [perform_fitting_sync] L-BFGS-B优化参数：最大迭代=10
2026-02-12 10:38:37 | INFO: [perform_fitting_sync] L-BFGS-B优化完成，目标函数值=5598836.0700, 收敛=52
2026-02-12 10:38:41 | INFO: [perform_fitting_sync] 参数边界设置完成，共 8 个参数待优化
2026-02-12 10:38:41 | INFO: [perform_fitting_sync] L-BFGS-B优化参数：最大迭代=10
2026-02-12 10:38:44 | INFO: [perform_fitting_sync] L-BFGS-B优化完成，目标函数值=94599708.5927, 收敛=1
2026-02-12 10:38:45 | INFO: [perform_fitting_sync] 参数边界设置完成，共 8 个参数待优化
2026-02-12 10:38:45 | INFO: [perform_fitting_sync] L-BFGS-B优化参数：最大迭代=10
2026-02-12 10:38:48 | INFO: [perform_fitting_sync] L-BFGS-B优化完成，目标函数值=86330942.2296, 收敛=1
2026-02-12 10:38:50 | INFO: [perform_fitting_sync] 参数边界设置完成，共 8 个参数待优化
2026-02-12 10:38:50 | INFO: [perform_fitting_sync] L-BFGS-B优化参数：最大迭代=100
2026-02-12 10:38:58 | INFO: [perform_fitting_sync] L-BFGS-B优化完成，目标函数值=86264872.4852, 收敛=0
2026-02-12 10:39:03 | INFO: [perform_fitting_sync] 参数边界设置完成，共 8 个参数待优化
2026-02-12 10:39:03 | INFO: [perform_fitting_sync] L-BFGS-B优化参数：最大迭代=10
2026-02-12 10:39:06 | INFO: [perform_fitting_sync] L-BFGS-B优化完成，目标函数值=85632202.3966, 收敛=1
2026-02-12 10:39:13 | INFO: [perform_fitting_sync] 参数边界设置完成，共 8 个参数待优化
2026-02-12 10:39:13 | INFO: [perform_fitting_sync] L-BFGS-B优化参数：最大迭代=100
2026-02-12 10:39:27 | INFO: [perform_fitting_sync] L-BFGS-B优化完成，目标函数值=6151372.7920, 收敛=1
2026-02-12 10:39:31 | INFO: [perform_fitting_sync] 参数边界设置完成，共 8 个参数待优化
2026-02-12 10:39:31 | INFO: [perform_fitting_sync] L-BFGS-B优化参数：最大迭代=10
2026-02-12 10:39:33 | INFO: [perform_fitting_sync] L-BFGS-B优化完成，目标函数值=6003851.1595, 收敛=1
2026-02-12 10:39:45 | INFO: [perform_fitting_sync] 参数边界设置完成，共 8 个参数待优化
2026-02-12 10:39:45 | INFO: [perform_fitting_sync] L-BFGS-B优化参数：最大迭代=10
2026-02-12 10:39:47 | INFO: [perform_fitting_sync] L-BFGS-B优化完成，目标函数值=852913.3517, 收敛=1
2026-02-12 10:39:49 | INFO: [perform_fitting_sync] 参数边界设置完成，共 8 个参数待优化
2026-02-12 10:39:49 | INFO: [perform_fitting_sync] L-BFGS-B优化参数：最大迭代=10
2026-02-12 10:39:51 | INFO: [perform_fitting_sync] L-BFGS-B优化完成，目标函数值=814979.3981, 收敛=1
2026-02-12 10:39:56 | INFO: [perform_fitting_sync] 参数边界设置完成，共 8 个参数待优化
2026-02-12 10:39:56 | INFO: [perform_fitting_sync] L-BFGS-B优化参数：最大迭代=100
2026-02-12 10:40:01 | INFO: [perform_fitting_sync] L-BFGS-B优化完成，目标函数值=514766.5069, 收敛=0
2026-02-12 10:40:05 | INFO: [perform_fitting_sync] 参数边界设置完成，共 8 个参数待优化
2026-02-12 10:40:05 | INFO: [perform_fitting_sync] L-BFGS-B优化参数：最大迭代=10
2026-02-12 10:40:08 | INFO: [perform_fitting_sync] L-BFGS-B优化完成，目标函数值=514326.3351, 收敛=0
2026-02-12 10:40:14 | INFO: [perform_fitting_sync] 参数边界设置完成，共 8 个参数待优化
2026-02-12 10:40:14 | INFO: [perform_fitting_sync] L-BFGS-B优化参数：最大迭代=10
2026-02-12 10:40:16 | INFO: [perform_fitting_sync] L-BFGS-B优化完成，目标函数值=7590103.2946, 收敛=1
2026-02-12 10:40:19 | INFO: [perform_fitting_sync] 参数边界设置完成，共 8 个参数待优化
2026-02-12 10:40:19 | INFO: [perform_fitting_sync] L-BFGS-B优化参数：最大迭代=10
2026-02-12 10:40:21 | INFO: [perform_fitting_sync] L-BFGS-B优化完成，目标函数值=7118592.1259, 收敛=1
2026-02-12 10:40:22 | INFO: [perform_fitting_sync] 参数边界设置完成，共 8 个参数待优化
2026-02-12 10:40:22 | INFO: [perform_fitting_sync] L-BFGS-B优化参数：最大迭代=10
2026-02-12 10:40:24 | INFO: [perform_fitting_sync] L-BFGS-B优化完成，目标函数值=6653640.0486, 收敛=1
2026-02-12 10:40:26 | INFO: [perform_fitting_sync] 参数边界设置完成，共 8 个参数待优化
2026-02-12 10:40:26 | INFO: [perform_fitting_sync] L-BFGS-B优化参数：最大迭代=10
2026-02-12 10:40:28 | INFO: [perform_fitting_sync] L-BFGS-B优化完成，目标函数值=5600033.2632, 收敛=1
2026-02-12 10:40:54 | INFO: [perform_fitting_sync] 参数边界设置完成，共 8 个参数待优化
2026-02-12 10:40:54 | INFO: [perform_fitting_sync] L-BFGS-B优化参数：最大迭代=10
2026-02-12 10:41:00 | INFO: [perform_fitting_sync] L-BFGS-B优化完成，目标函数值=5576840.3563, 收敛=1
2026-02-12 10:41:02 | INFO: [perform_fitting_sync] 参数边界设置完成，共 8 个参数待优化
2026-02-12 10:41:02 | INFO: [perform_fitting_sync] DE优化参数：种群大小=80, 最大迭代=50
2026-02-12 10:41:25 | INFO: [perform_fitting_sync] DE优化完成，目标函数值=5236143.8727
2026-02-12 10:41:30 | INFO: [perform_fitting_sync] 参数边界设置完成，共 9 个参数待优化
2026-02-12 10:41:30 | INFO: [perform_fitting_sync] L-BFGS-B优化参数：最大迭代=100
2026-02-12 10:41:42 | INFO: [perform_fitting_sync] L-BFGS-B优化完成，目标函数值=4714619.2303, 收敛=1
2026-02-12 10:41:44 | INFO: [perform_fitting_sync] 参数边界设置完成，共 9 个参数待优化
2026-02-12 10:41:44 | INFO: [perform_fitting_sync] L-BFGS-B优化参数：最大迭代=10
2026-02-12 10:41:45 | INFO: [perform_fitting_sync] L-BFGS-B优化完成，目标函数值=4713793.1493, 收敛=1
2026-02-12 10:41:47 | INFO: [perform_fitting_sync] 参数边界设置完成，共 9 个参数待优化
2026-02-12 10:41:47 | INFO: [perform_fitting_sync] L-BFGS-B优化参数：最大迭代=10
2026-02-12 10:41:49 | INFO: [perform_fitting_sync] L-BFGS-B优化完成，目标函数值=4713140.0843, 收敛=1
2026-02-12 10:41:59 | INFO: [perform_fitting_sync] 参数边界设置完成，共 9 个参数待优化
2026-02-12 10:41:59 | INFO: [perform_fitting_sync] L-BFGS-B优化参数：最大迭代=10
2026-02-12 10:42:04 | INFO: [perform_fitting_sync] L-BFGS-B优化完成，目标函数值=9725639.4965, 收敛=1
2026-02-12 10:42:07 | INFO: [perform_fitting_sync] 参数边界设置完成，共 9 个参数待优化
2026-02-12 10:42:07 | INFO: [perform_fitting_sync] L-BFGS-B优化参数：最大迭代=10
2026-02-12 10:42:09 | INFO: [perform_fitting_sync] L-BFGS-B优化完成，目标函数值=6512444.0173, 收敛=1
2026-02-12 10:42:11 | INFO: [perform_fitting_sync] 参数边界设置完成，共 9 个参数待优化
2026-02-12 10:42:11 | INFO: [perform_fitting_sync] L-BFGS-B优化参数：最大迭代=10
2026-02-12 10:42:15 | INFO: [perform_fitting_sync] L-BFGS-B优化完成，目标函数值=6432157.5243, 收敛=0
2026-02-12 10:42:24 | INFO: [perform_fitting_sync] 参数边界设置完成，共 9 个参数待优化
2026-02-12 10:42:24 | INFO: [perform_fitting_sync] L-BFGS-B优化参数：最大迭代=10
2026-02-12 10:42:26 | INFO: [perform_fitting_sync] L-BFGS-B优化完成，目标函数值=6819301.5009, 收敛=1
2026-02-12 10:42:27 | INFO: [perform_fitting_sync] 参数边界设置完成，共 9 个参数待优化
2026-02-12 10:42:27 | INFO: [perform_fitting_sync] L-BFGS-B优化参数：最大迭代=10
2026-02-12 10:42:29 | INFO: [perform_fitting_sync] L-BFGS-B优化完成，目标函数值=6708578.8289, 收敛=1
2026-02-12 10:42:31 | INFO: [perform_fitting_sync] 参数边界设置完成，共 9 个参数待优化
2026-02-12 10:42:31 | INFO: [perform_fitting_sync] L-BFGS-B优化参数：最大迭代=10
2026-02-12 10:42:33 | INFO: [perform_fitting_sync] L-BFGS-B优化完成，目标函数值=6654829.5948, 收敛=1
2026-02-12 10:42:34 | INFO: [perform_fitting_sync] 参数边界设置完成，共 9 个参数待优化
2026-02-12 10:42:34 | INFO: [perform_fitting_sync] L-BFGS-B优化参数：最大迭代=10
2026-02-12 10:42:37 | INFO: [perform_fitting_sync] L-BFGS-B优化完成，目标函数值=6648800.5992, 收敛=1
2026-02-12 10:42:40 | INFO: [perform_fitting_sync] 参数边界设置完成，共 9 个参数待优化
2026-02-12 10:42:40 | INFO: [perform_fitting_sync] L-BFGS-B优化参数：最大迭代=100
2026-02-12 10:42:49 | INFO: [perform_fitting_sync] L-BFGS-B优化完成，目标函数值=6470690.7757, 收敛=0
2026-02-12 10:43:02 | INFO: [perform_fitting_sync] 参数边界设置完成，共 9 个参数待优化
2026-02-12 10:43:02 | INFO: [perform_fitting_sync] DE优化参数：种群大小=90, 最大迭代=50
2026-02-12 10:43:30 | INFO: [perform_fitting_sync] DE优化完成，目标函数值=4521404.6698
2026-02-12 10:43:34 | INFO: [perform_fitting_sync] 参数边界设置完成，共 9 个参数待优化
2026-02-12 10:43:34 | INFO: [perform_fitting_sync] L-BFGS-B优化参数：最大迭代=10
2026-02-12 10:43:36 | INFO: [perform_fitting_sync] L-BFGS-B优化完成，目标函数值=4257755.7114, 收敛=1
2026-02-12 14:46:38 | INFO: [perform_fitting_sync] 参数边界设置完成，共 4 个参数待优化
2026-02-12 14:46:38 | INFO: [perform_fitting_sync] L-BFGS-B优化参数：最大迭代=10
2026-02-12 14:46:39 | INFO: [perform_fitting_sync] L-BFGS-B优化完成，目标函数值=326564835.6847, 收敛=0
2026-02-12 14:46:40 | INFO: [perform_fitting_sync] 参数边界设置完成，共 4 个参数待优化
2026-02-12 14:46:40 | INFO: [perform_fitting_sync] L-BFGS-B优化参数：最大迭代=100
2026-02-12 14:46:41 | INFO: [perform_fitting_sync] L-BFGS-B优化完成，目标函数值=326564835.6827, 收敛=0
2026-02-12 14:46:52 | INFO: [perform_fitting_sync] 参数边界设置完成，共 4 个参数待优化
2026-02-12 14:46:52 | INFO: [perform_fitting_sync] L-BFGS-B优化参数：最大迭代=10
2026-02-12 14:46:52 | INFO: [perform_fitting_sync] L-BFGS-B优化完成，目标函数值=333226398.7836, 收敛=0
2026-02-12 14:46:54 | INFO: [perform_fitting_sync] 参数边界设置完成，共 4 个参数待优化
2026-02-12 14:46:54 | INFO: [perform_fitting_sync] L-BFGS-B优化参数：最大迭代=10
2026-02-12 14:46:54 | INFO: [perform_fitting_sync] L-BFGS-B优化完成，目标函数值=333226399.3120, 收敛=0
2026-02-12 14:46:56 | INFO: [perform_fitting_sync] 参数边界设置完成，共 4 个参数待优化
2026-02-12 14:46:56 | INFO: [perform_fitting_sync] L-BFGS-B优化参数：最大迭代=10
2026-02-12 14:46:56 | INFO: [perform_fitting_sync] L-BFGS-B优化完成，目标函数值=333226399.3120, 收敛=0
2026-02-12 14:49:30 | INFO: [perform_fitting_sync] 参数边界设置完成，共 4 个参数待优化
2026-02-12 14:49:30 | INFO: [perform_fitting_sync] L-BFGS-B优化参数：最大迭代=10
2026-02-12 14:49:31 | INFO: [perform_fitting_sync] L-BFGS-B优化完成，目标函数值=7613806.8905, 收敛=1
2026-02-12 14:49:32 | INFO: [perform_fitting_sync] 参数边界设置完成，共 4 个参数待优化
2026-02-12 14:49:32 | INFO: [perform_fitting_sync] L-BFGS-B优化参数：最大迭代=10
2026-02-12 14:49:33 | INFO: [perform_fitting_sync] L-BFGS-B优化完成，目标函数值=7518700.8010, 收敛=0
2026-02-12 14:49:37 | INFO: [perform_fitting_sync] 参数边界设置完成，共 4 个参数待优化
2026-02-12 14:49:37 | INFO: [perform_fitting_sync] L-BFGS-B优化参数：最大迭代=10
2026-02-12 14:49:37 | INFO: [perform_fitting_sync] L-BFGS-B优化完成，目标函数值=7518699.0134, 收敛=0
2026-02-12 14:49:40 | INFO: [perform_fitting_sync] 参数边界设置完成，共 4 个参数待优化
2026-02-12 14:49:40 | INFO: [perform_fitting_sync] L-BFGS-B优化参数：最大迭代=100
2026-02-12 14:49:40 | INFO: [perform_fitting_sync] L-BFGS-B优化完成，目标函数值=7518699.0134, 收敛=0
2026-02-12 14:49:53 | INFO: [perform_fitting_sync] 参数边界设置完成，共 5 个参数待优化
2026-02-12 14:49:53 | INFO: [perform_fitting_sync] L-BFGS-B优化参数：最大迭代=10
2026-02-12 14:49:53 | INFO: [perform_fitting_sync] L-BFGS-B优化完成，目标函数值=6461156.7970, 收敛=0
2026-02-12 14:49:55 | INFO: [perform_fitting_sync] 参数边界设置完成，共 5 个参数待优化
2026-02-12 14:49:55 | INFO: [perform_fitting_sync] L-BFGS-B优化参数：最大迭代=10
2026-02-12 14:49:55 | INFO: [perform_fitting_sync] L-BFGS-B优化完成，目标函数值=6459453.3423, 收敛=1
2026-02-12 14:50:10 | INFO: [perform_fitting_sync] 参数边界设置完成，共 5 个参数待优化
2026-02-12 14:50:10 | INFO: [perform_fitting_sync] L-BFGS-B优化参数：最大迭代=10
2026-02-12 14:50:11 | INFO: [perform_fitting_sync] L-BFGS-B优化完成，目标函数值=865410.8263, 收敛=1
2026-02-12 14:50:12 | INFO: [perform_fitting_sync] 参数边界设置完成，共 5 个参数待优化
2026-02-12 14:50:12 | INFO: [perform_fitting_sync] L-BFGS-B优化参数：最大迭代=10
2026-02-12 14:50:13 | INFO: [perform_fitting_sync] L-BFGS-B优化完成，目标函数值=266612.4481, 收敛=1
2026-02-12 14:50:14 | INFO: [perform_fitting_sync] 参数边界设置完成，共 5 个参数待优化
2026-02-12 14:50:14 | INFO: [perform_fitting_sync] L-BFGS-B优化参数：最大迭代=10
2026-02-12 14:50:15 | INFO: [perform_fitting_sync] L-BFGS-B优化完成，目标函数值=260357.9828, 收敛=1
2026-02-12 14:50:16 | INFO: [perform_fitting_sync] 参数边界设置完成，共 5 个参数待优化
2026-02-12 14:50:16 | INFO: [perform_fitting_sync] L-BFGS-B优化参数：最大迭代=100
2026-02-12 14:50:18 | INFO: [perform_fitting_sync] L-BFGS-B优化完成，目标函数值=260356.2126, 收敛=0
2026-02-12 14:50:19 | INFO: [perform_fitting_sync] 参数边界设置完成，共 5 个参数待优化
2026-02-12 14:50:19 | INFO: [perform_fitting_sync] L-BFGS-B优化参数：最大迭代=10
2026-02-12 14:50:19 | INFO: [perform_fitting_sync] L-BFGS-B优化完成，目标函数值=260356.2470, 收敛=0
2026-02-12 14:50:22 | INFO: [perform_fitting_sync] 参数边界设置完成，共 5 个参数待优化
2026-02-12 14:50:22 | INFO: [perform_fitting_sync] L-BFGS-B优化参数：最大迭代=10
2026-02-12 14:50:24 | INFO: [perform_fitting_sync] L-BFGS-B优化完成，目标函数值=260356.2118, 收敛=0
2026-02-12 20:24:23 | INFO | [perform_fitting_sync] 参数边界设置完成，共 2 个参数待优化
2026-02-12 20:24:23 | INFO | [perform_fitting_sync] L-BFGS-B优化参数：最大迭代=10
2026-02-12 20:24:23 | INFO | [perform_fitting_sync] L-BFGS-B优化完成，目标函数值=0.0000, 收敛=52
2026-02-12 20:24:37 | INFO | [perform_fitting_sync] 参数边界设置完成，共 2 个参数待优化
2026-02-12 20:24:37 | INFO | [perform_fitting_sync] L-BFGS-B优化参数：最大迭代=10
2026-02-12 20:24:37 | INFO | [perform_fitting_sync] L-BFGS-B优化完成，目标函数值=0.0000, 收敛=52
2026-02-12 20:24:48 | INFO | [perform_fitting_sync] 参数边界设置完成，共 2 个参数待优化
2026-02-12 20:24:48 | INFO | [perform_fitting_sync] L-BFGS-B优化参数：最大迭代=10
2026-02-12 20:24:48 | INFO | [perform_fitting_sync] L-BFGS-B优化完成，目标函数值=0.0000, 收敛=52
2026-02-12 20:24:54 | INFO | [perform_fitting_sync] 参数边界设置完成，共 2 个参数待优化
2026-02-12 20:24:54 | INFO | [perform_fitting_sync] L-BFGS-B优化参数：最大迭代=10
2026-02-12 20:24:54 | INFO | [perform_fitting_sync] L-BFGS-B优化完成，目标函数值=0.0000, 收敛=1
2026-02-12 21:22:29 | INFO | [perform_fitting_sync] 参数边界设置完成，共 2 个参数待优化
2026-02-12 21:22:29 | INFO | [perform_fitting_sync] L-BFGS-B优化参数：最大迭代=10
2026-02-12 21:22:29 | INFO | [perform_fitting_sync] L-BFGS-B优化完成，目标函数值=333768302.6660, 收敛=0
2026-02-13 10:14:27 | INFO | [perform_fitting_sync] 参数边界设置完成，共 5 个参数待优化
2026-02-13 10:14:27 | INFO | [perform_fitting_sync] L-BFGS-B优化参数：最大迭代=10
2026-02-13 10:14:28 | INFO | [perform_fitting_sync] L-BFGS-B优化完成，目标函数值=91786852.2273, 收敛=1
2026-02-13 10:14:32 | INFO | [perform_fitting_sync] 参数边界设置完成，共 6 个参数待优化
2026-02-13 10:14:32 | INFO | [perform_fitting_sync] L-BFGS-B优化参数：最大迭代=10
2026-02-13 10:14:34 | INFO | [perform_fitting_sync] L-BFGS-B优化完成，目标函数值=12149856.5652, 收敛=1
2026-02-13 10:14:49 | INFO | [perform_fitting_sync] 参数边界设置完成，共 6 个参数待优化
2026-02-13 10:14:49 | INFO | [perform_fitting_sync] L-BFGS-B优化参数：最大迭代=10
2026-02-13 10:14:51 | INFO | [perform_fitting_sync] L-BFGS-B优化完成，目标函数值=10223456.1958, 收敛=0
2026-02-13 10:14:53 | INFO | [perform_fitting_sync] 参数边界设置完成，共 6 个参数待优化
2026-02-13 10:14:53 | INFO | [perform_fitting_sync] L-BFGS-B优化参数：最大迭代=10
2026-02-13 10:14:54 | INFO | [perform_fitting_sync] L-BFGS-B优化完成，目标函数值=10092263.0009, 收敛=1
2026-02-13 10:15:04 | INFO | [perform_fitting_sync] 参数边界设置完成，共 5 个参数待优化
2026-02-13 10:15:04 | INFO | [perform_fitting_sync] L-BFGS-B优化参数：最大迭代=10
2026-02-13 10:15:06 | INFO | [perform_fitting_sync] L-BFGS-B优化完成，目标函数值=45379684.6189, 收敛=1
2026-02-13 10:15:19 | INFO | [perform_fitting_sync] 参数边界设置完成，共 1 个参数待优化
2026-02-13 10:15:19 | INFO | [perform_fitting_sync] L-BFGS-B优化参数：最大迭代=10
2026-02-13 10:15:19 | INFO | [perform_fitting_sync] L-BFGS-B优化完成，目标函数值=207119977.4806, 收敛=0
2026-02-13 10:15:24 | INFO | [perform_fitting_sync] 参数边界设置完成，共 1 个参数待优化
2026-02-13 10:15:24 | INFO | [perform_fitting_sync] L-BFGS-B优化参数：最大迭代=10
2026-02-13 10:15:24 | INFO | [perform_fitting_sync] L-BFGS-B优化完成，目标函数值=207119977.4806, 收敛=0
2026-02-13 10:15:34 | INFO | [perform_fitting_sync] 参数边界设置完成，共 1 个参数待优化
2026-02-13 10:15:34 | INFO | [perform_fitting_sync] L-BFGS-B优化参数：最大迭代=10
2026-02-13 10:15:34 | INFO | [perform_fitting_sync] L-BFGS-B优化完成，目标函数值=24408.8084, 收敛=0
2026-02-13 10:15:49 | INFO | [perform_fitting_sync] 参数边界设置完成，共 5 个参数待优化
2026-02-13 10:15:49 | INFO | [perform_fitting_sync] L-BFGS-B优化参数：最大迭代=10
2026-02-13 10:15:50 | INFO | [perform_fitting_sync] L-BFGS-B优化完成，目标函数值=10789444.0092, 收敛=1
2026-02-13 10:15:54 | INFO | [perform_fitting_sync] 参数边界设置完成，共 5 个参数待优化
2026-02-13 10:15:54 | INFO | [perform_fitting_sync] L-BFGS-B优化参数：最大迭代=10
2026-02-13 10:15:55 | INFO | [perform_fitting_sync] L-BFGS-B优化完成，目标函数值=9625772.5863, 收敛=1
2026-02-13 10:15:56 | INFO | [perform_fitting_sync] 参数边界设置完成，共 5 个参数待优化
2026-02-13 10:15:56 | INFO | [perform_fitting_sync] L-BFGS-B优化参数：最大迭代=10
2026-02-13 10:15:57 | INFO | [perform_fitting_sync] L-BFGS-B优化完成，目标函数值=9406896.3825, 收敛=1
2026-02-13 10:17:11 | INFO | [perform_fitting_sync] 参数边界设置完成，共 6 个参数待优化
2026-02-13 10:17:11 | INFO | [perform_fitting_sync] L-BFGS-B优化参数：最大迭代=10
2026-02-13 10:17:12 | INFO | [perform_fitting_sync] L-BFGS-B优化完成，目标函数值=35760617.5551, 收敛=1
2026-02-13 10:17:14 | INFO | [perform_fitting_sync] 参数边界设置完成，共 6 个参数待优化
2026-02-13 10:17:14 | INFO | [perform_fitting_sync] L-BFGS-B优化参数：最大迭代=10
2026-02-13 10:17:16 | INFO | [perform_fitting_sync] L-BFGS-B优化完成，目标函数值=34978761.7733, 收敛=1
2026-02-13 10:17:17 | INFO | [perform_fitting_sync] 参数边界设置完成，共 6 个参数待优化
2026-02-13 10:17:17 | INFO | [perform_fitting_sync] L-BFGS-B优化参数：最大迭代=10
2026-02-13 10:17:18 | INFO | [perform_fitting_sync] L-BFGS-B优化完成，目标函数值=33894794.6377, 收敛=1
2026-02-13 10:17:20 | INFO | [perform_fitting_sync] 参数边界设置完成，共 6 个参数待优化
2026-02-13 10:17:20 | INFO | [perform_fitting_sync] L-BFGS-B优化参数：最大迭代=10
2026-02-13 10:17:22 | INFO | [perform_fitting_sync] L-BFGS-B优化完成，目标函数值=32586331.0873, 收敛=1
2026-02-13 10:17:28 | INFO | [perform_fitting_sync] 参数边界设置完成，共 6 个参数待优化
2026-02-13 10:17:28 | INFO | [perform_fitting_sync] L-BFGS-B优化参数：最大迭代=10
2026-02-13 10:17:30 | INFO | [perform_fitting_sync] L-BFGS-B优化完成，目标函数值=35472705.7058, 收敛=1
2026-02-13 10:17:33 | INFO | [perform_fitting_sync] 参数边界设置完成，共 6 个参数待优化
2026-02-13 10:17:33 | INFO | [perform_fitting_sync] L-BFGS-B优化参数：最大迭代=10
2026-02-13 10:17:34 | INFO | [perform_fitting_sync] L-BFGS-B优化完成，目标函数值=35423831.2322, 收敛=0
2026-02-13 10:17:43 | INFO | [perform_fitting_sync] 参数边界设置完成，共 6 个参数待优化
2026-02-13 10:17:43 | INFO | [perform_fitting_sync] L-BFGS-B优化参数：最大迭代=10
2026-02-13 10:17:44 | INFO | [perform_fitting_sync] L-BFGS-B优化完成，目标函数值=39976373.1207, 收敛=1
2026-02-13 10:17:45 | INFO | [perform_fitting_sync] 参数边界设置完成，共 6 个参数待优化
2026-02-13 10:17:45 | INFO | [perform_fitting_sync] L-BFGS-B优化参数：最大迭代=10
2026-02-13 10:17:47 | INFO | [perform_fitting_sync] L-BFGS-B优化完成，目标函数值=36848330.4920, 收敛=1
2026-02-13 10:17:49 | INFO | [perform_fitting_sync] 参数边界设置完成，共 6 个参数待优化
2026-02-13 10:17:49 | INFO | [perform_fitting_sync] L-BFGS-B优化参数：最大迭代=10
2026-02-13 10:17:50 | INFO | [perform_fitting_sync] L-BFGS-B优化完成，目标函数值=35702727.0375, 收敛=1
2026-02-13 10:17:52 | INFO | [perform_fitting_sync] 参数边界设置完成，共 6 个参数待优化
2026-02-13 10:17:52 | INFO | [perform_fitting_sync] DE优化参数：种群大小=60, 最大迭代=50
2026-02-13 10:18:08 | INFO | [perform_fitting_sync] DE优化完成，目标函数值=35408098.4063
2026-02-13 10:18:16 | INFO | [perform_fitting_sync] 参数边界设置完成，共 6 个参数待优化
2026-02-13 10:18:16 | INFO | [perform_fitting_sync] L-BFGS-B优化参数：最大迭代=10
2026-02-13 10:18:18 | INFO | [perform_fitting_sync] L-BFGS-B优化完成，目标函数值=35407793.3460, 收敛=0
2026-02-13 10:18:30 | INFO | [perform_fitting_sync] 参数边界设置完成，共 7 个参数待优化
2026-02-13 10:18:30 | INFO | [perform_fitting_sync] L-BFGS-B优化参数：最大迭代=10
2026-02-13 10:18:32 | INFO | [perform_fitting_sync] L-BFGS-B优化完成，目标函数值=32405070.3643, 收敛=1
2026-02-13 10:18:36 | INFO | [perform_fitting_sync] 参数边界设置完成，共 7 个参数待优化
2026-02-13 10:18:36 | INFO | [perform_fitting_sync] L-BFGS-B优化参数：最大迭代=10
2026-02-13 10:18:37 | INFO | [perform_fitting_sync] L-BFGS-B优化完成，目标函数值=14725514.6470, 收敛=1
2026-02-13 10:18:39 | INFO | [perform_fitting_sync] 参数边界设置完成，共 7 个参数待优化
2026-02-13 10:18:39 | INFO | [perform_fitting_sync] L-BFGS-B优化参数：最大迭代=10
2026-02-13 10:18:40 | INFO | [perform_fitting_sync] L-BFGS-B优化完成，目标函数值=5621294.4718, 收敛=1
2026-02-13 10:18:45 | INFO | [perform_fitting_sync] 参数边界设置完成，共 7 个参数待优化
2026-02-13 10:18:45 | INFO | [perform_fitting_sync] L-BFGS-B优化参数：最大迭代=10
2026-02-13 10:18:46 | INFO | [perform_fitting_sync] L-BFGS-B优化完成，目标函数值=5550427.9830, 收敛=0
2026-02-13 10:18:48 | INFO | [perform_fitting_sync] 参数边界设置完成，共 7 个参数待优化
2026-02-13 10:18:48 | INFO | [perform_fitting_sync] L-BFGS-B优化参数：最大迭代=10
2026-02-13 10:18:51 | INFO | [perform_fitting_sync] L-BFGS-B优化完成，目标函数值=5545987.1770, 收敛=0
2026-02-13 10:18:59 | INFO | [perform_fitting_sync] 参数边界设置完成，共 7 个参数待优化
2026-02-13 10:18:59 | INFO | [perform_fitting_sync] DE优化参数：种群大小=70, 最大迭代=50
2026-02-13 10:19:22 | INFO | [perform_fitting_sync] DE优化完成，目标函数值=4156886.1483
2026-02-13 10:19:35 | INFO | [perform_fitting_sync] 参数边界设置完成，共 7 个参数待优化
2026-02-13 10:19:35 | INFO | [perform_fitting_sync] L-BFGS-B优化参数：最大迭代=10
2026-02-13 10:19:37 | INFO | [perform_fitting_sync] L-BFGS-B优化完成，目标函数值=1543561.1477, 收敛=1
2026-02-13 10:19:39 | INFO | [perform_fitting_sync] 参数边界设置完成，共 7 个参数待优化
2026-02-13 10:19:39 | INFO | [perform_fitting_sync] L-BFGS-B优化参数：最大迭代=10
2026-02-13 10:19:41 | INFO | [perform_fitting_sync] L-BFGS-B优化完成，目标函数值=1058532.4061, 收敛=1
2026-02-13 10:19:43 | INFO | [perform_fitting_sync] 参数边界设置完成，共 7 个参数待优化
2026-02-13 10:19:43 | INFO | [perform_fitting_sync] L-BFGS-B优化参数：最大迭代=10
2026-02-13 10:19:45 | INFO | [perform_fitting_sync] L-BFGS-B优化完成，目标函数值=979241.6675, 收敛=1
2026-02-13 10:20:08 | INFO | [perform_fitting_sync] 参数边界设置完成，共 7 个参数待优化
2026-02-13 10:20:08 | INFO | [perform_fitting_sync] L-BFGS-B优化参数：最大迭代=10
2026-02-13 10:20:10 | INFO | [perform_fitting_sync] L-BFGS-B优化完成，目标函数值=968983.6039, 收敛=1
2026-02-13 10:20:16 | INFO | [perform_fitting_sync] 参数边界设置完成，共 7 个参数待优化
2026-02-13 10:20:16 | INFO | [perform_fitting_sync] L-BFGS-B优化参数：最大迭代=100
2026-02-13 10:20:28 | INFO | [perform_fitting_sync] L-BFGS-B优化完成，目标函数值=934483.9988, 收敛=0
2026-02-13 10:20:29 | INFO | [perform_fitting_sync] 参数边界设置完成，共 7 个参数待优化
2026-02-13 10:20:29 | INFO | [perform_fitting_sync] L-BFGS-B优化参数：最大迭代=10
2026-02-13 10:20:42 | INFO | [perform_fitting_sync] L-BFGS-B优化完成，目标函数值=931717.8211, 收敛=52
2026-02-13 10:20:51 | INFO | [perform_fitting_sync] 参数边界设置完成，共 8 个参数待优化
2026-02-13 10:20:51 | INFO | [perform_fitting_sync] L-BFGS-B优化参数：最大迭代=10
2026-02-13 10:20:59 | INFO | [perform_fitting_sync] L-BFGS-B优化完成，目标函数值=929280.0649, 收敛=1
2026-02-13 10:21:03 | INFO | [perform_fitting_sync] 参数边界设置完成，共 8 个参数待优化
2026-02-13 10:21:03 | INFO | [perform_fitting_sync] L-BFGS-B优化参数：最大迭代=10
2026-02-13 10:21:06 | INFO | [perform_fitting_sync] L-BFGS-B优化完成，目标函数值=918188.6653, 收敛=1
2026-02-13 10:21:11 | INFO | [perform_fitting_sync] 参数边界设置完成，共 8 个参数待优化
2026-02-13 10:21:11 | INFO | [perform_fitting_sync] L-BFGS-B优化参数：最大迭代=10
2026-02-13 10:21:26 | INFO | [perform_fitting_sync] L-BFGS-B优化完成，目标函数值=913175.7566, 收敛=52
2026-02-13 10:21:42 | INFO | [perform_fitting_sync] 参数边界设置完成，共 8 个参数待优化
2026-02-13 10:21:42 | INFO | [perform_fitting_sync] L-BFGS-B优化参数：最大迭代=100
2026-02-13 10:21:47 | INFO | [perform_fitting_sync] L-BFGS-B优化完成，目标函数值=913308.2894, 收敛=52
2026-02-13 10:23:03 | INFO | [perform_fitting_sync] 参数边界设置完成，共 8 个参数待优化
2026-02-13 10:23:03 | INFO | [perform_fitting_sync] L-BFGS-B优化参数：最大迭代=10
2026-02-13 10:23:08 | INFO | [perform_fitting_sync] L-BFGS-B优化完成，目标函数值=913308.2815, 收敛=52
2026-02-13 14:59:34 | INFO | [perform_fitting_sync] 参数边界设置完成，共 2 个参数待优化
2026-02-13 14:59:34 | INFO | [perform_fitting_sync] L-BFGS-B优化参数：最大迭代=10
2026-02-13 14:59:34 | INFO | [perform_fitting_sync] L-BFGS-B优化完成，目标函数值=11567142.0037, 收敛=0
2026-02-13 14:59:39 | INFO | [perform_fitting_sync] 参数边界设置完成，共 3 个参数待优化
2026-02-13 14:59:39 | INFO | [perform_fitting_sync] L-BFGS-B优化参数：最大迭代=10
2026-02-13 14:59:39 | INFO | [perform_fitting_sync] L-BFGS-B优化完成，目标函数值=8501106.5524, 收敛=1
2026-02-13 14:59:41 | INFO | [perform_fitting_sync] 参数边界设置完成，共 3 个参数待优化
2026-02-13 14:59:41 | INFO | [perform_fitting_sync] L-BFGS-B优化参数：最大迭代=10
2026-02-13 14:59:41 | INFO | [perform_fitting_sync] L-BFGS-B优化完成，目标函数值=5787256.4673, 收敛=1
2026-02-13 14:59:42 | INFO | [perform_fitting_sync] 参数边界设置完成，共 3 个参数待优化
2026-02-13 14:59:42 | INFO | [perform_fitting_sync] L-BFGS-B优化参数：最大迭代=10
2026-02-13 14:59:43 | INFO | [perform_fitting_sync] L-BFGS-B优化完成，目标函数值=4359234.3304, 收敛=1
2026-02-13 14:59:44 | INFO | [perform_fitting_sync] 参数边界设置完成，共 3 个参数待优化
2026-02-13 14:59:44 | INFO | [perform_fitting_sync] L-BFGS-B优化参数：最大迭代=10
2026-02-13 14:59:44 | INFO | [perform_fitting_sync] L-BFGS-B优化完成，目标函数值=3758316.7388, 收敛=1
2026-02-13 14:59:45 | INFO | [perform_fitting_sync] 参数边界设置完成，共 3 个参数待优化
2026-02-13 14:59:45 | INFO | [perform_fitting_sync] L-BFGS-B优化参数：最大迭代=10
2026-02-13 14:59:45 | INFO | [perform_fitting_sync] L-BFGS-B优化完成，目标函数值=2626066.4619, 收敛=1
2026-02-13 14:59:46 | INFO | [perform_fitting_sync] 参数边界设置完成，共 3 个参数待优化
2026-02-13 14:59:46 | INFO | [perform_fitting_sync] L-BFGS-B优化参数：最大迭代=10
2026-02-13 14:59:46 | INFO | [perform_fitting_sync] L-BFGS-B优化完成，目标函数值=2298182.0496, 收敛=1
2026-02-13 14:59:47 | INFO | [perform_fitting_sync] 参数边界设置完成，共 3 个参数待优化
2026-02-13 14:59:47 | INFO | [perform_fitting_sync] L-BFGS-B优化参数：最大迭代=10
2026-02-13 14:59:47 | INFO | [perform_fitting_sync] L-BFGS-B优化完成，目标函数值=2038674.0950, 收敛=1
2026-02-13 14:59:49 | INFO | [perform_fitting_sync] 参数边界设置完成，共 3 个参数待优化
2026-02-13 14:59:49 | INFO | [perform_fitting_sync] L-BFGS-B优化参数：最大迭代=10
2026-02-13 14:59:49 | INFO | [perform_fitting_sync] L-BFGS-B优化完成，目标函数值=2002703.5119, 收敛=1
2026-02-13 14:59:54 | INFO | [perform_fitting_sync] 参数边界设置完成，共 3 个参数待优化
2026-02-13 14:59:54 | INFO | [perform_fitting_sync] L-BFGS-B优化参数：最大迭代=10
2026-02-13 14:59:54 | INFO | [perform_fitting_sync] L-BFGS-B优化完成，目标函数值=1986944.3749, 收敛=1
2026-02-13 15:00:35 | INFO | [perform_fitting_sync] 参数边界设置完成，共 4 个参数待优化
2026-02-13 15:00:35 | INFO | [perform_fitting_sync] L-BFGS-B优化参数：最大迭代=10
2026-02-13 15:00:35 | INFO | [perform_fitting_sync] L-BFGS-B优化完成，目标函数值=38118644.6776, 收敛=1
2026-02-13 15:00:36 | INFO | [perform_fitting_sync] 参数边界设置完成，共 4 个参数待优化
2026-02-13 15:00:36 | INFO | [perform_fitting_sync] L-BFGS-B优化参数：最大迭代=10
2026-02-13 15:00:36 | INFO | [perform_fitting_sync] L-BFGS-B优化完成，目标函数值=11442774.1416, 收敛=1
2026-02-13 15:00:38 | INFO | [perform_fitting_sync] 参数边界设置完成，共 4 个参数待优化
2026-02-13 15:00:38 | INFO | [perform_fitting_sync] L-BFGS-B优化参数：最大迭代=10
2026-02-13 15:00:38 | INFO | [perform_fitting_sync] L-BFGS-B优化完成，目标函数值=10647526.3462, 收敛=1
2026-02-13 15:00:39 | INFO | [perform_fitting_sync] 参数边界设置完成，共 4 个参数待优化
2026-02-13 15:00:39 | INFO | [perform_fitting_sync] L-BFGS-B优化参数：最大迭代=10
2026-02-13 15:00:39 | INFO | [perform_fitting_sync] L-BFGS-B优化完成，目标函数值=10647526.3502, 收敛=0
2026-02-13 15:00:40 | INFO | [perform_fitting_sync] 参数边界设置完成，共 4 个参数待优化
2026-02-13 15:00:40 | INFO | [perform_fitting_sync] L-BFGS-B优化参数：最大迭代=10
2026-02-13 15:00:40 | INFO | [perform_fitting_sync] L-BFGS-B优化完成，目标函数值=10647526.4273, 收敛=0
2026-02-13 15:00:44 | INFO | [perform_fitting_sync] 参数边界设置完成，共 4 个参数待优化
2026-02-13 15:00:44 | INFO | [perform_fitting_sync] L-BFGS-B优化参数：最大迭代=100
2026-02-13 15:00:44 | INFO | [perform_fitting_sync] L-BFGS-B优化完成，目标函数值=10647526.4184, 收敛=0
2026-02-13 15:01:09 | INFO | [perform_fitting_sync] 参数边界设置完成，共 3 个参数待优化
2026-02-13 15:01:09 | INFO | [perform_fitting_sync] L-BFGS-B优化参数：最大迭代=10
2026-02-13 15:01:09 | INFO | [perform_fitting_sync] L-BFGS-B优化完成，目标函数值=17478642.1876, 收敛=1
2026-02-13 15:01:10 | INFO | [perform_fitting_sync] 参数边界设置完成，共 3 个参数待优化
2026-02-13 15:01:10 | INFO | [perform_fitting_sync] L-BFGS-B优化参数：最大迭代=10
2026-02-13 15:01:10 | INFO | [perform_fitting_sync] L-BFGS-B优化完成，目标函数值=17272410.2439, 收敛=0
2026-02-13 15:01:12 | INFO | [perform_fitting_sync] 参数边界设置完成，共 3 个参数待优化
2026-02-13 15:01:12 | INFO | [perform_fitting_sync] L-BFGS-B优化参数：最大迭代=100
2026-02-13 15:01:12 | INFO | [perform_fitting_sync] L-BFGS-B优化完成，目标函数值=17272410.3758, 收敛=0
2026-02-13 15:01:13 | INFO | [perform_fitting_sync] 参数边界设置完成，共 3 个参数待优化
2026-02-13 15:01:13 | INFO | [perform_fitting_sync] L-BFGS-B优化参数：最大迭代=100
2026-02-13 15:01:13 | INFO | [perform_fitting_sync] L-BFGS-B优化完成，目标函数值=17272410.3743, 收敛=0
2026-02-13 15:01:15 | INFO | [perform_fitting_sync] 参数边界设置完成，共 3 个参数待优化
2026-02-13 15:01:15 | INFO | [perform_fitting_sync] L-BFGS-B优化参数：最大迭代=100
2026-02-13 15:01:15 | INFO | [perform_fitting_sync] L-BFGS-B优化完成，目标函数值=17272410.3758, 收敛=0
2026-02-13 15:01:28 | INFO | [perform_fitting_sync] 参数边界设置完成，共 3 个参数待优化
2026-02-13 15:01:28 | INFO | [perform_fitting_sync] L-BFGS-B优化参数：最大迭代=100
2026-02-13 15:01:28 | INFO | [perform_fitting_sync] L-BFGS-B优化完成，目标函数值=17272410.3899, 收敛=0
2026-02-13 15:01:30 | INFO | [perform_fitting_sync] 参数边界设置完成，共 3 个参数待优化
2026-02-13 15:01:30 | INFO | [perform_fitting_sync] L-BFGS-B优化参数：最大迭代=100
2026-02-13 15:01:30 | INFO | [perform_fitting_sync] L-BFGS-B优化完成，目标函数值=17272410.3750, 收敛=0
2026-02-13 15:02:48 | INFO | [perform_fitting_sync] 参数边界设置完成，共 3 个参数待优化
2026-02-13 15:02:48 | INFO | [perform_fitting_sync] L-BFGS-B优化参数：最大迭代=10
2026-02-13 15:02:48 | INFO | [perform_fitting_sync] L-BFGS-B优化完成，目标函数值=242.4917, 收敛=1
2026-02-13 15:02:49 | INFO | [perform_fitting_sync] 参数边界设置完成，共 3 个参数待优化
2026-02-13 15:02:49 | INFO | [perform_fitting_sync] L-BFGS-B优化参数：最大迭代=10
2026-02-13 15:02:50 | INFO | [perform_fitting_sync] L-BFGS-B优化完成，目标函数值=1.2718, 收敛=1
2026-02-13 15:18:44 | INFO | [perform_fitting_sync] 参数边界设置完成，共 3 个参数待优化
2026-02-13 15:18:44 | INFO | [perform_fitting_sync] L-BFGS-B优化参数：最大迭代=10
2026-02-13 15:18:45 | INFO | [perform_fitting_sync] L-BFGS-B优化完成，目标函数值=0.6869, 收敛=1
2026-02-13 15:18:49 | INFO | [perform_fitting_sync] 参数边界设置完成，共 3 个参数待优化
2026-02-13 15:18:49 | INFO | [perform_fitting_sync] L-BFGS-B优化参数：最大迭代=10
2026-02-13 15:18:49 | INFO | [perform_fitting_sync] L-BFGS-B优化完成，目标函数值=0.0001, 收敛=0
2026-02-13 15:22:30 | INFO | [perform_fitting_sync] 参数边界设置完成，共 3 个参数待优化
2026-02-13 15:22:30 | INFO | [perform_fitting_sync] L-BFGS-B优化参数：最大迭代=10
2026-02-13 15:22:30 | INFO | [perform_fitting_sync] L-BFGS-B优化完成，目标函数值=2137953.5739, 收敛=1
2026-02-13 15:22:31 | INFO | [perform_fitting_sync] 参数边界设置完成，共 3 个参数待优化
2026-02-13 15:22:31 | INFO | [perform_fitting_sync] L-BFGS-B优化参数：最大迭代=10
2026-02-13 15:22:31 | INFO | [perform_fitting_sync] L-BFGS-B优化完成，目标函数值=2044473.6985, 收敛=1
2026-02-13 15:22:32 | INFO | [perform_fitting_sync] 参数边界设置完成，共 3 个参数待优化
2026-02-13 15:22:32 | INFO | [perform_fitting_sync] L-BFGS-B优化参数：最大迭代=10
2026-02-13 15:22:33 | INFO | [perform_fitting_sync] L-BFGS-B优化完成，目标函数值=2019743.3080, 收敛=1
2026-02-13 15:22:38 | INFO | [perform_fitting_sync] 参数边界设置完成，共 3 个参数待优化
2026-02-13 15:22:38 | INFO | [perform_fitting_sync] L-BFGS-B优化参数：最大迭代=10
2026-02-13 15:22:38 | INFO | [perform_fitting_sync] L-BFGS-B优化完成，目标函数值=1991239.7520, 收敛=1
2026-02-13 15:22:42 | INFO | [perform_fitting_sync] 参数边界设置完成，共 3 个参数待优化
2026-02-13 15:22:42 | INFO | [perform_fitting_sync] L-BFGS-B优化参数：最大迭代=10
2026-02-13 15:22:42 | INFO | [perform_fitting_sync] L-BFGS-B优化完成，目标函数值=1983952.3412, 收敛=0
2026-02-13 15:22:48 | INFO | [perform_fitting_sync] 参数边界设置完成，共 3 个参数待优化
2026-02-13 15:22:48 | INFO | [perform_fitting_sync] L-BFGS-B优化参数：最大迭代=10
2026-02-13 15:22:48 | INFO | [perform_fitting_sync] L-BFGS-B优化完成，目标函数值=1979305.1327, 收敛=0
2026-02-13 15:22:50 | INFO | [perform_fitting_sync] 参数边界设置完成，共 3 个参数待优化
2026-02-13 15:22:50 | INFO | [perform_fitting_sync] L-BFGS-B优化参数：最大迭代=10
2026-02-13 15:22:50 | INFO | [perform_fitting_sync] L-BFGS-B优化完成，目标函数值=1979306.8707, 收敛=0
2026-02-13 15:22:54 | INFO | [perform_fitting_sync] 参数边界设置完成，共 3 个参数待优化
2026-02-13 15:22:54 | INFO | [perform_fitting_sync] L-BFGS-B优化参数：最大迭代=10
2026-02-13 15:22:54 | INFO | [perform_fitting_sync] L-BFGS-B优化完成，目标函数值=1979306.8707, 收敛=0
2026-02-13 15:22:56 | INFO | [perform_fitting_sync] 参数边界设置完成，共 3 个参数待优化
2026-02-13 15:22:56 | INFO | [perform_fitting_sync] L-BFGS-B优化参数：最大迭代=10
2026-02-13 15:22:56 | INFO | [perform_fitting_sync] L-BFGS-B优化完成，目标函数值=1979306.8707, 收敛=0
2026-02-13 15:23:25 | INFO | [perform_fitting_sync] 参数边界设置完成，共 2 个参数待优化
2026-02-13 15:23:25 | INFO | [perform_fitting_sync] L-BFGS-B优化参数：最大迭代=10
2026-02-13 15:23:25 | INFO | [perform_fitting_sync] L-BFGS-B优化完成，目标函数值=78578544.2362, 收敛=0
2026-02-13 15:23:32 | INFO | [perform_fitting_sync] 参数边界设置完成，共 3 个参数待优化
2026-02-13 15:23:32 | INFO | [perform_fitting_sync] L-BFGS-B优化参数：最大迭代=10
2026-02-13 15:23:32 | INFO | [perform_fitting_sync] L-BFGS-B优化完成，目标函数值=71788521.7220, 收敛=1
2026-02-13 15:23:37 | INFO | [perform_fitting_sync] 参数边界设置完成，共 4 个参数待优化
2026-02-13 15:23:37 | INFO | [perform_fitting_sync] L-BFGS-B优化参数：最大迭代=10
2026-02-13 15:23:37 | INFO | [perform_fitting_sync] L-BFGS-B优化完成，目标函数值=714193.6257, 收敛=1
2026-02-13 15:23:38 | INFO | [perform_fitting_sync] 参数边界设置完成，共 4 个参数待优化
2026-02-13 15:23:38 | INFO | [perform_fitting_sync] L-BFGS-B优化参数：最大迭代=10
2026-02-13 15:23:38 | INFO | [perform_fitting_sync] L-BFGS-B优化完成，目标函数值=596595.2966, 收敛=1
2026-02-13 15:23:41 | INFO | [perform_fitting_sync] 参数边界设置完成，共 4 个参数待优化
2026-02-13 15:23:41 | INFO | [perform_fitting_sync] L-BFGS-B优化参数：最大迭代=10
2026-02-13 15:23:41 | INFO | [perform_fitting_sync] L-BFGS-B优化完成，目标函数值=555950.3475, 收敛=1
2026-02-13 15:23:43 | INFO | [perform_fitting_sync] 参数边界设置完成，共 4 个参数待优化
2026-02-13 15:23:43 | INFO | [perform_fitting_sync] L-BFGS-B优化参数：最大迭代=10
2026-02-13 15:23:43 | INFO | [perform_fitting_sync] L-BFGS-B优化完成，目标函数值=340060.8991, 收敛=1
2026-02-13 15:23:44 | INFO | [perform_fitting_sync] 参数边界设置完成，共 4 个参数待优化
2026-02-13 15:23:44 | INFO | [perform_fitting_sync] L-BFGS-B优化参数：最大迭代=10
2026-02-13 15:23:44 | INFO | [perform_fitting_sync] L-BFGS-B优化完成，目标函数值=256905.6362, 收敛=1
2026-02-13 15:23:47 | INFO | [perform_fitting_sync] 参数边界设置完成，共 4 个参数待优化
2026-02-13 15:23:47 | INFO | [perform_fitting_sync] L-BFGS-B优化参数：最大迭代=10
2026-02-13 15:23:47 | INFO | [perform_fitting_sync] L-BFGS-B优化完成，目标函数值=251482.1266, 收敛=1
2026-02-13 15:23:54 | INFO | [perform_fitting_sync] 参数边界设置完成，共 4 个参数待优化
2026-02-13 15:23:54 | INFO | [perform_fitting_sync] L-BFGS-B优化参数：最大迭代=10
2026-02-13 15:23:54 | INFO | [perform_fitting_sync] L-BFGS-B优化完成，目标函数值=247698.1738, 收敛=1
2026-02-13 15:23:56 | INFO | [perform_fitting_sync] 参数边界设置完成，共 4 个参数待优化
2026-02-13 15:23:56 | INFO | [perform_fitting_sync] L-BFGS-B优化参数：最大迭代=10
2026-02-13 15:23:56 | INFO | [perform_fitting_sync] L-BFGS-B优化完成，目标函数值=246832.6371, 收敛=1
2026-02-13 15:23:57 | INFO | [perform_fitting_sync] 参数边界设置完成，共 4 个参数待优化
2026-02-13 15:23:57 | INFO | [perform_fitting_sync] L-BFGS-B优化参数：最大迭代=10
2026-02-13 15:23:57 | INFO | [perform_fitting_sync] L-BFGS-B优化完成，目标函数值=246039.4748, 收敛=1
2026-02-13 15:24:56 | INFO | [perform_fitting_sync] 参数边界设置完成，共 4 个参数待优化
2026-02-13 15:24:56 | INFO | [perform_fitting_sync] L-BFGS-B优化参数：最大迭代=10
2026-02-13 15:24:56 | INFO | [perform_fitting_sync] L-BFGS-B优化完成，目标函数值=928866.8268, 收敛=1
2026-02-13 15:24:58 | INFO | [perform_fitting_sync] 参数边界设置完成，共 4 个参数待优化
2026-02-13 15:24:58 | INFO | [perform_fitting_sync] L-BFGS-B优化参数：最大迭代=10
2026-02-13 15:24:58 | INFO | [perform_fitting_sync] L-BFGS-B优化完成，目标函数值=683532.9139, 收敛=1
2026-02-13 15:24:59 | INFO | [perform_fitting_sync] 参数边界设置完成，共 4 个参数待优化
2026-02-13 15:24:59 | INFO | [perform_fitting_sync] L-BFGS-B优化参数：最大迭代=10
2026-02-13 15:24:59 | INFO | [perform_fitting_sync] L-BFGS-B优化完成，目标函数值=607287.7967, 收敛=1
2026-02-13 15:25:02 | INFO | [perform_fitting_sync] 参数边界设置完成，共 4 个参数待优化
2026-02-13 15:25:02 | INFO | [perform_fitting_sync] L-BFGS-B优化参数：最大迭代=100
2026-02-13 15:25:02 | INFO | [perform_fitting_sync] L-BFGS-B优化完成，目标函数值=145692.6012, 收敛=0
2026-02-13 15:25:03 | INFO | [perform_fitting_sync] 参数边界设置完成，共 4 个参数待优化
2026-02-13 15:25:03 | INFO | [perform_fitting_sync] L-BFGS-B优化参数：最大迭代=100
2026-02-13 15:25:04 | INFO | [perform_fitting_sync] L-BFGS-B优化完成，目标函数值=145693.4958, 收敛=0
2026-02-13 15:25:05 | INFO | [perform_fitting_sync] 参数边界设置完成，共 4 个参数待优化
2026-02-13 15:25:05 | INFO | [perform_fitting_sync] L-BFGS-B优化参数：最大迭代=100
2026-02-13 15:25:05 | INFO | [perform_fitting_sync] L-BFGS-B优化完成，目标函数值=145693.5067, 收敛=0
2026-02-13 15:25:41 | INFO | [perform_fitting_sync] 参数边界设置完成，共 4 个参数待优化
2026-02-13 15:25:41 | INFO | [perform_fitting_sync] L-BFGS-B优化参数：最大迭代=10
2026-02-13 15:25:41 | INFO | [perform_fitting_sync] L-BFGS-B优化完成，目标函数值=145693.4966, 收敛=0
2026-02-13 15:25:46 | INFO | [perform_fitting_sync] 参数边界设置完成，共 4 个参数待优化
2026-02-13 15:25:46 | INFO | [perform_fitting_sync] L-BFGS-B优化参数：最大迭代=10
2026-02-13 15:25:46 | INFO | [perform_fitting_sync] L-BFGS-B优化完成，目标函数值=10804261.9834, 收敛=1
2026-02-13 15:25:47 | INFO | [perform_fitting_sync] 参数边界设置完成，共 4 个参数待优化
2026-02-13 15:25:47 | INFO | [perform_fitting_sync] L-BFGS-B优化参数：最大迭代=10
2026-02-13 15:25:47 | INFO | [perform_fitting_sync] L-BFGS-B优化完成，目标函数值=1687611.7698, 收敛=1
2026-02-13 15:25:48 | INFO | [perform_fitting_sync] 参数边界设置完成，共 4 个参数待优化
2026-02-13 15:25:48 | INFO | [perform_fitting_sync] L-BFGS-B优化参数：最大迭代=10
2026-02-13 15:25:48 | INFO | [perform_fitting_sync] L-BFGS-B优化完成，目标函数值=1547564.4715, 收敛=1
2026-02-13 15:25:49 | INFO | [perform_fitting_sync] 参数边界设置完成，共 4 个参数待优化
2026-02-13 15:25:49 | INFO | [perform_fitting_sync] L-BFGS-B优化参数：最大迭代=10
2026-02-13 15:25:49 | INFO | [perform_fitting_sync] L-BFGS-B优化完成，目标函数值=1490010.1071, 收敛=1
2026-02-13 15:25:50 | INFO | [perform_fitting_sync] 参数边界设置完成，共 4 个参数待优化
2026-02-13 15:25:50 | INFO | [perform_fitting_sync] L-BFGS-B优化参数：最大迭代=10
2026-02-13 15:25:50 | INFO | [perform_fitting_sync] L-BFGS-B优化完成，目标函数值=1435966.3864, 收敛=1
2026-02-13 15:25:50 | INFO | [perform_fitting_sync] 参数边界设置完成，共 4 个参数待优化
2026-02-13 15:25:50 | INFO | [perform_fitting_sync] L-BFGS-B优化参数：最大迭代=10
2026-02-13 15:25:50 | INFO | [perform_fitting_sync] L-BFGS-B优化完成，目标函数值=1297602.2056, 收敛=1
2026-02-13 15:25:51 | INFO | [perform_fitting_sync] 参数边界设置完成，共 4 个参数待优化
2026-02-13 15:25:51 | INFO | [perform_fitting_sync] L-BFGS-B优化参数：最大迭代=10
2026-02-13 15:25:51 | INFO | [perform_fitting_sync] L-BFGS-B优化完成，目标函数值=1185992.5823, 收敛=1
2026-02-13 15:26:07 | INFO | [perform_fitting_sync] 参数边界设置完成，共 2 个参数待优化
2026-02-13 15:26:07 | INFO | [perform_fitting_sync] L-BFGS-B优化参数：最大迭代=10
2026-02-13 15:26:07 | INFO | [perform_fitting_sync] L-BFGS-B优化完成，目标函数值=61460354.3956, 收敛=0
2026-02-13 15:26:09 | INFO | [perform_fitting_sync] 参数边界设置完成，共 2 个参数待优化
2026-02-13 15:26:09 | INFO | [perform_fitting_sync] L-BFGS-B优化参数：最大迭代=10
2026-02-13 15:26:09 | INFO | [perform_fitting_sync] L-BFGS-B优化完成，目标函数值=61460354.3956, 收敛=0
2026-02-13 15:26:13 | INFO | [perform_fitting_sync] 参数边界设置完成，共 4 个参数待优化
2026-02-13 15:26:13 | INFO | [perform_fitting_sync] L-BFGS-B优化参数：最大迭代=100
2026-02-13 15:26:13 | INFO | [perform_fitting_sync] L-BFGS-B优化完成，目标函数值=494826.2882, 收敛=0
2026-02-13 15:26:14 | INFO | [perform_fitting_sync] 参数边界设置完成，共 4 个参数待优化
2026-02-13 15:26:14 | INFO | [perform_fitting_sync] L-BFGS-B优化参数：最大迭代=100
2026-02-13 15:26:14 | INFO | [perform_fitting_sync] L-BFGS-B优化完成，目标函数值=494826.7181, 收敛=0
2026-02-13 15:26:15 | INFO | [perform_fitting_sync] 参数边界设置完成，共 4 个参数待优化
2026-02-13 15:26:15 | INFO | [perform_fitting_sync] L-BFGS-B优化参数：最大迭代=100
2026-02-13 15:26:16 | INFO | [perform_fitting_sync] L-BFGS-B优化完成，目标函数值=494826.7181, 收敛=0
2026-02-13 15:26:19 | INFO | [perform_fitting_sync] 参数边界设置完成，共 4 个参数待优化
2026-02-13 15:26:19 | INFO | [perform_fitting_sync] L-BFGS-B优化参数：最大迭代=100
2026-02-13 15:26:19 | INFO | [perform_fitting_sync] L-BFGS-B优化完成，目标函数值=494826.7181, 收敛=0
2026-02-13 16:32:57 | INFO | [perform_fitting_sync] 参数边界设置完成，共 3 个参数待优化
2026-02-13 16:32:57 | INFO | [perform_fitting_sync] L-BFGS-B优化参数：最大迭代=10
2026-02-13 16:32:58 | INFO | [perform_fitting_sync] L-BFGS-B优化完成，目标函数值=2137953.5739, 收敛=1
2026-02-13 16:32:59 | INFO | [perform_fitting_sync] 参数边界设置完成，共 3 个参数待优化
2026-02-13 16:32:59 | INFO | [perform_fitting_sync] L-BFGS-B优化参数：最大迭代=10
2026-02-13 16:32:59 | INFO | [perform_fitting_sync] L-BFGS-B优化完成，目标函数值=2044473.6985, 收敛=1
2026-02-13 16:33:01 | INFO | [perform_fitting_sync] 参数边界设置完成，共 3 个参数待优化
2026-02-13 16:33:01 | INFO | [perform_fitting_sync] L-BFGS-B优化参数：最大迭代=10
2026-02-13 16:33:01 | INFO | [perform_fitting_sync] L-BFGS-B优化完成，目标函数值=2019743.3080, 收敛=1
2026-02-13 16:33:02 | INFO | [perform_fitting_sync] 参数边界设置完成，共 3 个参数待优化
2026-02-13 16:33:02 | INFO | [perform_fitting_sync] L-BFGS-B优化参数：最大迭代=10
2026-02-13 16:33:02 | INFO | [perform_fitting_sync] L-BFGS-B优化完成，目标函数值=1991239.7520, 收敛=1
2026-02-13 16:33:04 | INFO | [perform_fitting_sync] 参数边界设置完成，共 3 个参数待优化
2026-02-13 16:33:04 | INFO | [perform_fitting_sync] L-BFGS-B优化参数：最大迭代=10
2026-02-13 16:33:04 | INFO | [perform_fitting_sync] L-BFGS-B优化完成，目标函数值=1983952.3412, 收敛=0
2026-02-13 16:33:05 | INFO | [perform_fitting_sync] 参数边界设置完成，共 3 个参数待优化
2026-02-13 16:33:05 | INFO | [perform_fitting_sync] L-BFGS-B优化参数：最大迭代=10
2026-02-13 16:33:05 | INFO | [perform_fitting_sync] L-BFGS-B优化完成，目标函数值=1979305.1327, 收敛=0
2026-02-13 16:33:06 | INFO | [perform_fitting_sync] 参数边界设置完成，共 3 个参数待优化
2026-02-13 16:33:06 | INFO | [perform_fitting_sync] L-BFGS-B优化参数：最大迭代=10
2026-02-13 16:33:06 | INFO | [perform_fitting_sync] L-BFGS-B优化完成，目标函数值=1979306.8707, 收敛=0
2026-02-13 16:33:07 | INFO | [perform_fitting_sync] 参数边界设置完成，共 3 个参数待优化
2026-02-13 16:33:07 | INFO | [perform_fitting_sync] L-BFGS-B优化参数：最大迭代=100
2026-02-13 16:33:07 | INFO | [perform_fitting_sync] L-BFGS-B优化完成，目标函数值=1979306.8707, 收敛=0
2026-02-13 16:33:11 | INFO | [perform_fitting_sync] 参数边界设置完成，共 3 个参数待优化
2026-02-13 16:33:11 | INFO | [perform_fitting_sync] L-BFGS-B优化参数：最大迭代=100
2026-02-13 16:33:11 | INFO | [perform_fitting_sync] L-BFGS-B优化完成，目标函数值=1979306.8707, 收敛=0
2026-02-13 16:33:13 | INFO | [perform_fitting_sync] 参数边界设置完成，共 3 个参数待优化
2026-02-13 16:33:13 | INFO | [perform_fitting_sync] L-BFGS-B优化参数：最大迭代=100
2026-02-13 16:33:13 | INFO | [perform_fitting_sync] L-BFGS-B优化完成，目标函数值=1979306.8707, 收敛=0
2026-02-13 16:33:14 | INFO | [perform_fitting_sync] 参数边界设置完成，共 3 个参数待优化
2026-02-13 16:33:14 | INFO | [perform_fitting_sync] L-BFGS-B优化参数：最大迭代=100
2026-02-13 16:33:14 | INFO | [perform_fitting_sync] L-BFGS-B优化完成，目标函数值=1979306.8707, 收敛=0
2026-02-13 16:33:40 | INFO | [perform_fitting_sync] 参数边界设置完成，共 4 个参数待优化
2026-02-13 16:33:40 | INFO | [perform_fitting_sync] L-BFGS-B优化参数：最大迭代=10
2026-02-13 16:33:40 | INFO | [perform_fitting_sync] L-BFGS-B优化完成，目标函数值=1001130.8265, 收敛=1
2026-02-13 16:33:43 | INFO | [perform_fitting_sync] 参数边界设置完成，共 4 个参数待优化
2026-02-13 16:33:43 | INFO | [perform_fitting_sync] L-BFGS-B优化参数：最大迭代=10
2026-02-13 16:33:43 | INFO | [perform_fitting_sync] L-BFGS-B优化完成，目标函数值=814733.9857, 收敛=1
2026-02-13 16:33:44 | INFO | [perform_fitting_sync] 参数边界设置完成，共 4 个参数待优化
2026-02-13 16:33:44 | INFO | [perform_fitting_sync] L-BFGS-B优化参数：最大迭代=10
2026-02-13 16:33:44 | INFO | [perform_fitting_sync] L-BFGS-B优化完成，目标函数值=681609.9093, 收敛=1
2026-02-13 16:33:45 | INFO | [perform_fitting_sync] 参数边界设置完成，共 4 个参数待优化
2026-02-13 16:33:45 | INFO | [perform_fitting_sync] L-BFGS-B优化参数：最大迭代=10
2026-02-13 16:33:45 | INFO | [perform_fitting_sync] L-BFGS-B优化完成，目标函数值=575579.7130, 收敛=1
2026-02-13 16:33:46 | INFO | [perform_fitting_sync] 参数边界设置完成，共 4 个参数待优化
2026-02-13 16:33:46 | INFO | [perform_fitting_sync] L-BFGS-B优化参数：最大迭代=10
2026-02-13 16:33:46 | INFO | [perform_fitting_sync] L-BFGS-B优化完成，目标函数值=492156.3595, 收敛=1
2026-02-13 16:33:47 | INFO | [perform_fitting_sync] 参数边界设置完成，共 4 个参数待优化
2026-02-13 16:33:47 | INFO | [perform_fitting_sync] L-BFGS-B优化参数：最大迭代=10
2026-02-13 16:33:47 | INFO | [perform_fitting_sync] L-BFGS-B优化完成，目标函数值=429087.3103, 收敛=1
2026-02-13 16:33:48 | INFO | [perform_fitting_sync] 参数边界设置完成，共 4 个参数待优化
2026-02-13 16:33:48 | INFO | [perform_fitting_sync] L-BFGS-B优化参数：最大迭代=10
2026-02-13 16:33:48 | INFO | [perform_fitting_sync] L-BFGS-B优化完成，目标函数值=394935.5081, 收敛=1
2026-02-13 16:33:50 | INFO | [perform_fitting_sync] 参数边界设置完成，共 4 个参数待优化
2026-02-13 16:33:50 | INFO | [perform_fitting_sync] L-BFGS-B优化参数：最大迭代=100
2026-02-13 16:33:50 | INFO | [perform_fitting_sync] L-BFGS-B优化完成，目标函数值=349958.0189, 收敛=0
2026-02-13 16:33:51 | INFO | [perform_fitting_sync] 参数边界设置完成，共 4 个参数待优化
2026-02-13 16:33:51 | INFO | [perform_fitting_sync] L-BFGS-B优化参数：最大迭代=100
2026-02-13 16:33:51 | INFO | [perform_fitting_sync] L-BFGS-B优化完成，目标函数值=227644.6893, 收敛=0
2026-02-13 16:33:52 | INFO | [perform_fitting_sync] 参数边界设置完成，共 4 个参数待优化
2026-02-13 16:33:52 | INFO | [perform_fitting_sync] L-BFGS-B优化参数：最大迭代=100
2026-02-13 16:33:52 | INFO | [perform_fitting_sync] L-BFGS-B优化完成，目标函数值=227649.4739, 收敛=0
2026-02-13 16:33:54 | INFO | [perform_fitting_sync] 参数边界设置完成，共 4 个参数待优化
2026-02-13 16:33:54 | INFO | [perform_fitting_sync] L-BFGS-B优化参数：最大迭代=100
2026-02-13 16:33:54 | INFO | [perform_fitting_sync] L-BFGS-B优化完成，目标函数值=227649.4831, 收敛=0
2026-02-13 16:33:55 | INFO | [perform_fitting_sync] 参数边界设置完成，共 4 个参数待优化
2026-02-13 16:33:55 | INFO | [perform_fitting_sync] L-BFGS-B优化参数：最大迭代=100
2026-02-13 16:33:55 | INFO | [perform_fitting_sync] L-BFGS-B优化完成，目标函数值=227649.4728, 收敛=0
2026-02-13 16:33:56 | INFO | [perform_fitting_sync] 参数边界设置完成，共 4 个参数待优化
2026-02-13 16:33:56 | INFO | [perform_fitting_sync] L-BFGS-B优化参数：最大迭代=10
2026-02-13 16:33:56 | INFO | [perform_fitting_sync] L-BFGS-B优化完成，目标函数值=227649.4841, 收敛=0
2026-02-13 16:34:09 | INFO | [perform_fitting_sync] 参数边界设置完成，共 4 个参数待优化
2026-02-13 16:34:09 | INFO | [perform_fitting_sync] L-BFGS-B优化参数：最大迭代=100
2026-02-13 16:34:10 | INFO | [perform_fitting_sync] L-BFGS-B优化完成，目标函数值=404701.6699, 收敛=0
2026-02-13 16:34:11 | INFO | [perform_fitting_sync] 参数边界设置完成，共 4 个参数待优化
2026-02-13 16:34:11 | INFO | [perform_fitting_sync] L-BFGS-B优化参数：最大迭代=100
2026-02-13 16:34:11 | INFO | [perform_fitting_sync] L-BFGS-B优化完成，目标函数值=404710.1726, 收敛=0
2026-02-13 16:34:13 | INFO | [perform_fitting_sync] 参数边界设置完成，共 4 个参数待优化
2026-02-13 16:34:13 | INFO | [perform_fitting_sync] L-BFGS-B优化参数：最大迭代=100
2026-02-13 16:34:13 | INFO | [perform_fitting_sync] L-BFGS-B优化完成，目标函数值=404710.1732, 收敛=0
2026-02-13 16:34:20 | INFO | [perform_fitting_sync] 参数边界设置完成，共 4 个参数待优化
2026-02-13 16:34:20 | INFO | [perform_fitting_sync] L-BFGS-B优化参数：最大迭代=100
2026-02-13 16:34:20 | INFO | [perform_fitting_sync] L-BFGS-B优化完成，目标函数值=404710.1733, 收敛=0
2026-02-13 16:34:24 | INFO | [perform_fitting_sync] 参数边界设置完成，共 4 个参数待优化
2026-02-13 16:34:24 | INFO | [perform_fitting_sync] L-BFGS-B优化参数：最大迭代=100
2026-02-13 16:34:24 | INFO | [perform_fitting_sync] L-BFGS-B优化完成，目标函数值=404710.1733, 收敛=0
2026-02-13 16:34:26 | INFO | [perform_fitting_sync] 参数边界设置完成，共 4 个参数待优化
2026-02-13 16:34:26 | INFO | [perform_fitting_sync] L-BFGS-B优化参数：最大迭代=100
2026-02-13 16:34:27 | INFO | [perform_fitting_sync] L-BFGS-B优化完成，目标函数值=404710.1733, 收敛=0
2026-02-13 16:35:54 | INFO | [perform_fitting_sync] 参数边界设置完成，共 4 个参数待优化
2026-02-13 16:35:54 | INFO | [perform_fitting_sync] L-BFGS-B优化参数：最大迭代=10
2026-02-13 16:35:54 | INFO | [perform_fitting_sync] L-BFGS-B优化完成，目标函数值=794050.1393, 收敛=1
2026-02-13 16:35:56 | INFO | [perform_fitting_sync] 参数边界设置完成，共 4 个参数待优化
2026-02-13 16:35:56 | INFO | [perform_fitting_sync] L-BFGS-B优化参数：最大迭代=10
2026-02-13 16:35:56 | INFO | [perform_fitting_sync] L-BFGS-B优化完成，目标函数值=643029.1520, 收敛=1
2026-02-13 16:35:57 | INFO | [perform_fitting_sync] 参数边界设置完成，共 4 个参数待优化
2026-02-13 16:35:57 | INFO | [perform_fitting_sync] L-BFGS-B优化参数：最大迭代=10
2026-02-13 16:35:57 | INFO | [perform_fitting_sync] L-BFGS-B优化完成，目标函数值=541895.2630, 收敛=1
2026-02-13 16:35:58 | INFO | [perform_fitting_sync] 参数边界设置完成，共 4 个参数待优化
2026-02-13 16:35:58 | INFO | [perform_fitting_sync] L-BFGS-B优化参数：最大迭代=10
2026-02-13 16:35:58 | INFO | [perform_fitting_sync] L-BFGS-B优化完成，目标函数值=461744.1524, 收敛=1
2026-02-13 16:36:01 | INFO | [perform_fitting_sync] 参数边界设置完成，共 4 个参数待优化
2026-02-13 16:36:01 | INFO | [perform_fitting_sync] L-BFGS-B优化参数：最大迭代=10
2026-02-13 16:36:01 | INFO | [perform_fitting_sync] L-BFGS-B优化完成，目标函数值=388284.4888, 收敛=1
2026-02-13 16:36:02 | INFO | [perform_fitting_sync] 参数边界设置完成，共 4 个参数待优化
2026-02-13 16:36:02 | INFO | [perform_fitting_sync] L-BFGS-B优化参数：最大迭代=10
2026-02-13 16:36:02 | INFO | [perform_fitting_sync] L-BFGS-B优化完成，目标函数值=332663.0536, 收敛=1
2026-02-13 16:36:08 | INFO | [perform_fitting_sync] 参数边界设置完成，共 4 个参数待优化
2026-02-13 16:36:08 | INFO | [perform_fitting_sync] L-BFGS-B优化参数：最大迭代=10
2026-02-13 16:36:09 | INFO | [perform_fitting_sync] L-BFGS-B优化完成，目标函数值=292541.5905, 收敛=1
2026-02-13 16:36:10 | INFO | [perform_fitting_sync] 参数边界设置完成，共 4 个参数待优化
2026-02-13 16:36:10 | INFO | [perform_fitting_sync] L-BFGS-B优化参数：最大迭代=100
2026-02-13 16:36:10 | INFO | [perform_fitting_sync] L-BFGS-B优化完成，目标函数值=261524.4942, 收敛=0
2026-02-13 16:36:14 | INFO | [perform_fitting_sync] 参数边界设置完成，共 4 个参数待优化
2026-02-13 16:36:14 | INFO | [perform_fitting_sync] L-BFGS-B优化参数：最大迭代=100
2026-02-13 16:36:14 | INFO | [perform_fitting_sync] L-BFGS-B优化完成，目标函数值=145692.6012, 收敛=0
2026-02-13 16:36:19 | INFO | [perform_fitting_sync] 参数边界设置完成，共 4 个参数待优化
2026-02-13 16:36:19 | INFO | [perform_fitting_sync] L-BFGS-B优化参数：最大迭代=100
2026-02-13 16:36:19 | INFO | [perform_fitting_sync] L-BFGS-B优化完成，目标函数值=145693.4958, 收敛=0
2026-02-13 16:36:21 | INFO | [perform_fitting_sync] 参数边界设置完成，共 4 个参数待优化
2026-02-13 16:36:21 | INFO | [perform_fitting_sync] L-BFGS-B优化参数：最大迭代=10
2026-02-13 16:36:21 | INFO | [perform_fitting_sync] L-BFGS-B优化完成，目标函数值=145693.5067, 收敛=0
2026-02-13 16:36:23 | INFO | [perform_fitting_sync] 参数边界设置完成，共 4 个参数待优化
2026-02-13 16:36:23 | INFO | [perform_fitting_sync] L-BFGS-B优化参数：最大迭代=10
2026-02-13 16:36:23 | INFO | [perform_fitting_sync] L-BFGS-B优化完成，目标函数值=145693.4966, 收敛=0
2026-02-13 16:38:23 | INFO | [perform_fitting_sync] 参数边界设置完成，共 4 个参数待优化
2026-02-13 16:38:23 | INFO | [perform_fitting_sync] L-BFGS-B优化参数：最大迭代=100
2026-02-13 16:38:23 | INFO | [perform_fitting_sync] L-BFGS-B优化完成，目标函数值=496115.1233, 收敛=0
2026-02-13 16:38:27 | INFO | [perform_fitting_sync] 参数边界设置完成，共 4 个参数待优化
2026-02-13 16:38:27 | INFO | [perform_fitting_sync] L-BFGS-B优化参数：最大迭代=100
2026-02-13 16:38:27 | INFO | [perform_fitting_sync] L-BFGS-B优化完成，目标函数值=495887.5457, 收敛=0
2026-02-13 16:38:29 | INFO | [perform_fitting_sync] 参数边界设置完成，共 4 个参数待优化
2026-02-13 16:38:29 | INFO | [perform_fitting_sync] L-BFGS-B优化参数：最大迭代=100
2026-02-13 16:38:30 | INFO | [perform_fitting_sync] L-BFGS-B优化完成，目标函数值=495684.4843, 收敛=0
2026-02-13 16:38:32 | INFO | [perform_fitting_sync] 参数边界设置完成，共 4 个参数待优化
2026-02-13 16:38:32 | INFO | [perform_fitting_sync] L-BFGS-B优化参数：最大迭代=10
2026-02-13 16:38:32 | INFO | [perform_fitting_sync] L-BFGS-B优化完成，目标函数值=495509.4040, 收敛=0
2026-02-13 16:38:39 | INFO | [perform_fitting_sync] 参数边界设置完成，共 4 个参数待优化
2026-02-13 16:38:39 | INFO | [perform_fitting_sync] L-BFGS-B优化参数：最大迭代=10
2026-02-13 16:38:39 | INFO | [perform_fitting_sync] L-BFGS-B优化完成，目标函数值=495382.4288, 收敛=1
2026-02-13 16:38:43 | INFO | [perform_fitting_sync] 参数边界设置完成，共 4 个参数待优化
2026-02-13 16:38:43 | INFO | [perform_fitting_sync] L-BFGS-B优化参数：最大迭代=100
2026-02-13 16:38:43 | INFO | [perform_fitting_sync] L-BFGS-B优化完成，目标函数值=495278.2889, 收敛=0
2026-02-13 16:38:47 | INFO | [perform_fitting_sync] 参数边界设置完成，共 4 个参数待优化
2026-02-13 16:38:47 | INFO | [perform_fitting_sync] DE优化参数：种群大小=50, 最大迭代=50
2026-02-13 16:38:48 | INFO | [perform_fitting_sync] DE优化完成，目标函数值=496393.1967
2026-02-13 16:38:58 | INFO | [perform_fitting_sync] 参数边界设置完成，共 4 个参数待优化
2026-02-13 16:38:58 | INFO | [perform_fitting_sync] L-BFGS-B优化参数：最大迭代=10
2026-02-13 16:38:58 | INFO | [perform_fitting_sync] L-BFGS-B优化完成，目标函数值=495084.7553, 收敛=1
2026-02-13 16:38:59 | INFO | [perform_fitting_sync] 参数边界设置完成，共 4 个参数待优化
2026-02-13 16:38:59 | INFO | [perform_fitting_sync] L-BFGS-B优化参数：最大迭代=10
2026-02-13 16:38:59 | INFO | [perform_fitting_sync] L-BFGS-B优化完成，目标函数值=495092.3408, 收敛=0
2026-02-13 16:39:08 | INFO | [perform_fitting_sync] 参数边界设置完成，共 4 个参数待优化
2026-02-13 16:39:08 | INFO | [perform_fitting_sync] L-BFGS-B优化参数：最大迭代=10
2026-02-13 16:39:08 | INFO | [perform_fitting_sync] L-BFGS-B优化完成，目标函数值=495092.5550, 收敛=0
2026-02-13 16:39:11 | INFO | [perform_fitting_sync] 参数边界设置完成，共 4 个参数待优化
2026-02-13 16:39:11 | INFO | [perform_fitting_sync] L-BFGS-B优化参数：最大迭代=100
2026-02-13 16:39:11 | INFO | [perform_fitting_sync] L-BFGS-B优化完成，目标函数值=495092.5550, 收敛=0
2026-02-13 16:39:13 | INFO | [perform_fitting_sync] 参数边界设置完成，共 4 个参数待优化
2026-02-13 16:39:13 | INFO | [perform_fitting_sync] L-BFGS-B优化参数：最大迭代=100
2026-02-13 16:39:13 | INFO | [perform_fitting_sync] L-BFGS-B优化完成，目标函数值=495092.5550, 收敛=0
2026-02-13 16:39:14 | INFO | [perform_fitting_sync] 参数边界设置完成，共 4 个参数待优化
2026-02-13 16:39:14 | INFO | [perform_fitting_sync] L-BFGS-B优化参数：最大迭代=100
2026-02-13 16:39:14 | INFO | [perform_fitting_sync] L-BFGS-B优化完成，目标函数值=495092.5550, 收敛=0
2026-02-13 16:39:18 | INFO | [perform_fitting_sync] 参数边界设置完成，共 4 个参数待优化
2026-02-13 16:39:18 | INFO | [perform_fitting_sync] L-BFGS-B优化参数：最大迭代=100
2026-02-13 16:39:18 | INFO | [perform_fitting_sync] L-BFGS-B优化完成，目标函数值=495092.5550, 收敛=0
2026-02-13 16:39:20 | INFO | [perform_fitting_sync] 参数边界设置完成，共 4 个参数待优化
2026-02-13 16:39:20 | INFO | [perform_fitting_sync] L-BFGS-B优化参数：最大迭代=10
2026-02-13 16:39:20 | INFO | [perform_fitting_sync] L-BFGS-B优化完成，目标函数值=495092.5550, 收敛=0
2026-02-13 16:39:25 | INFO | [perform_fitting_sync] 参数边界设置完成，共 4 个参数待优化
2026-02-13 16:39:25 | INFO | [perform_fitting_sync] L-BFGS-B优化参数：最大迭代=10
2026-02-13 16:39:25 | INFO | [perform_fitting_sync] L-BFGS-B优化完成，目标函数值=495092.5550, 收敛=0
2026-02-13 16:39:31 | INFO | [perform_fitting_sync] 参数边界设置完成，共 4 个参数待优化
2026-02-13 16:39:31 | INFO | [perform_fitting_sync] L-BFGS-B优化参数：最大迭代=10
2026-02-13 16:39:31 | INFO | [perform_fitting_sync] L-BFGS-B优化完成，目标函数值=495092.5550, 收敛=0
2026-02-13 16:39:36 | INFO | [perform_fitting_sync] 参数边界设置完成，共 4 个参数待优化
2026-02-13 16:39:36 | INFO | [perform_fitting_sync] L-BFGS-B优化参数：最大迭代=10
2026-02-13 16:39:36 | INFO | [perform_fitting_sync] L-BFGS-B优化完成，目标函数值=495092.5550, 收敛=0
2026-02-13 16:39:41 | INFO | [perform_fitting_sync] 参数边界设置完成，共 4 个参数待优化
2026-02-13 16:39:41 | INFO | [perform_fitting_sync] L-BFGS-B优化参数：最大迭代=10
2026-02-13 16:39:42 | INFO | [perform_fitting_sync] L-BFGS-B优化完成，目标函数值=495092.5550, 收敛=0
2026-02-13 16:39:43 | INFO | [perform_fitting_sync] 参数边界设置完成，共 4 个参数待优化
2026-02-13 16:39:43 | INFO | [perform_fitting_sync] L-BFGS-B优化参数：最大迭代=100
2026-02-13 16:39:43 | INFO | [perform_fitting_sync] L-BFGS-B优化完成，目标函数值=495092.5550, 收敛=0
2026-02-13 16:40:00 | INFO | [perform_fitting_sync] 参数边界设置完成，共 4 个参数待优化
2026-02-13 16:40:00 | INFO | [perform_fitting_sync] L-BFGS-B优化参数：最大迭代=10
2026-02-13 16:40:00 | INFO | [perform_fitting_sync] L-BFGS-B优化完成，目标函数值=495092.5550, 收敛=0
2026-02-13 16:40:02 | INFO | [perform_fitting_sync] 参数边界设置完成，共 4 个参数待优化
2026-02-13 16:40:02 | INFO | [perform_fitting_sync] DE优化参数：种群大小=50, 最大迭代=50
2026-02-13 16:40:03 | INFO | [perform_fitting_sync] DE优化完成，目标函数值=495273.8966
2026-02-13 16:40:11 | INFO | [perform_fitting_sync] 参数边界设置完成，共 4 个参数待优化
2026-02-13 16:40:11 | INFO | [perform_fitting_sync] DE优化参数：种群大小=50, 最大迭代=50
2026-02-13 16:40:12 | INFO | [perform_fitting_sync] DE优化完成，目标函数值=495671.8696
2026-02-13 16:40:15 | INFO | [perform_fitting_sync] 参数边界设置完成，共 4 个参数待优化
2026-02-13 16:40:15 | INFO | [perform_fitting_sync] DE优化参数：种群大小=50, 最大迭代=50
2026-02-13 16:40:16 | INFO | [perform_fitting_sync] DE优化完成，目标函数值=497487.0062
2026-02-13 16:40:18 | INFO | [perform_fitting_sync] 参数边界设置完成，共 4 个参数待优化
2026-02-13 16:40:18 | INFO | [perform_fitting_sync] DE优化参数：种群大小=50, 最大迭代=50
2026-02-13 16:40:19 | INFO | [perform_fitting_sync] DE优化完成，目标函数值=496893.4600
2026-02-13 16:40:28 | INFO | [perform_fitting_sync] 参数边界设置完成，共 4 个参数待优化
2026-02-13 16:40:28 | INFO | [perform_fitting_sync] L-BFGS-B优化参数：最大迭代=10
2026-02-13 16:40:29 | INFO | [perform_fitting_sync] L-BFGS-B优化完成，目标函数值=584127.9646, 收敛=1
2026-02-13 16:40:31 | INFO | [perform_fitting_sync] 参数边界设置完成，共 4 个参数待优化
2026-02-13 16:40:31 | INFO | [perform_fitting_sync] L-BFGS-B优化参数：最大迭代=10
2026-02-13 16:40:31 | INFO | [perform_fitting_sync] L-BFGS-B优化完成，目标函数值=574033.6509, 收敛=0
2026-02-13 16:40:41 | INFO | [perform_fitting_sync] 参数边界设置完成，共 4 个参数待优化
2026-02-13 16:40:41 | INFO | [perform_fitting_sync] L-BFGS-B优化参数：最大迭代=100
2026-02-13 16:40:41 | INFO | [perform_fitting_sync] L-BFGS-B优化完成，目标函数值=563940.2627, 收敛=0
2026-02-13 16:40:42 | INFO | [perform_fitting_sync] 参数边界设置完成，共 4 个参数待优化
2026-02-13 16:40:42 | INFO | [perform_fitting_sync] L-BFGS-B优化参数：最大迭代=100
2026-02-13 16:40:43 | INFO | [perform_fitting_sync] L-BFGS-B优化完成，目标函数值=494826.2832, 收敛=0
2026-02-13 16:40:44 | INFO | [perform_fitting_sync] 参数边界设置完成，共 4 个参数待优化
2026-02-13 16:40:44 | INFO | [perform_fitting_sync] L-BFGS-B优化参数：最大迭代=100
2026-02-13 16:40:44 | INFO | [perform_fitting_sync] L-BFGS-B优化完成，目标函数值=494826.7181, 收敛=0
2026-02-13 16:40:45 | INFO | [perform_fitting_sync] 参数边界设置完成，共 4 个参数待优化
2026-02-13 16:40:45 | INFO | [perform_fitting_sync] L-BFGS-B优化参数：最大迭代=100
2026-02-13 16:40:45 | INFO | [perform_fitting_sync] L-BFGS-B优化完成，目标函数值=494826.7181, 收敛=0
2026-02-13 16:40:46 | INFO | [perform_fitting_sync] 参数边界设置完成，共 4 个参数待优化
2026-02-13 16:40:46 | INFO | [perform_fitting_sync] L-BFGS-B优化参数：最大迭代=10
2026-02-13 16:40:46 | INFO | [perform_fitting_sync] L-BFGS-B优化完成，目标函数值=494826.7181, 收敛=0
2026-02-13 16:41:01 | INFO | [perform_fitting_sync] 参数边界设置完成，共 4 个参数待优化
2026-02-13 16:41:02 | INFO | [perform_fitting_sync] L-BFGS-B优化参数：最大迭代=10
2026-02-13 16:41:02 | INFO | [perform_fitting_sync] L-BFGS-B优化完成，目标函数值=190696.0672, 收敛=1
2026-02-13 16:41:03 | INFO | [perform_fitting_sync] 参数边界设置完成，共 4 个参数待优化
2026-02-13 16:41:03 | INFO | [perform_fitting_sync] L-BFGS-B优化参数：最大迭代=10
2026-02-13 16:41:03 | INFO | [perform_fitting_sync] L-BFGS-B优化完成，目标函数值=151615.1126, 收敛=1
2026-02-13 16:41:04 | INFO | [perform_fitting_sync] 参数边界设置完成，共 4 个参数待优化
2026-02-13 16:41:04 | INFO | [perform_fitting_sync] L-BFGS-B优化参数：最大迭代=100
2026-02-13 16:41:04 | INFO | [perform_fitting_sync] L-BFGS-B优化完成，目标函数值=145692.6012, 收敛=0
2026-02-13 16:41:06 | INFO | [perform_fitting_sync] 参数边界设置完成，共 4 个参数待优化
2026-02-13 16:41:06 | INFO | [perform_fitting_sync] L-BFGS-B优化参数：最大迭代=100
2026-02-13 16:41:06 | INFO | [perform_fitting_sync] L-BFGS-B优化完成，目标函数值=145692.6217, 收敛=0
2026-02-13 16:41:20 | INFO | [perform_fitting_sync] 参数边界设置完成，共 4 个参数待优化
2026-02-13 16:41:20 | INFO | [perform_fitting_sync] L-BFGS-B优化参数：最大迭代=100
2026-02-13 16:41:21 | INFO | [perform_fitting_sync] L-BFGS-B优化完成，目标函数值=145692.6217, 收敛=0
2026-02-13 16:41:22 | INFO | [perform_fitting_sync] 参数边界设置完成，共 4 个参数待优化
2026-02-13 16:41:22 | INFO | [perform_fitting_sync] DE优化参数：种群大小=50, 最大迭代=50
2026-02-13 16:41:23 | INFO | [perform_fitting_sync] DE优化完成，目标函数值=145721.3341
2026-02-13 16:41:47 | INFO | [perform_fitting_sync] 参数边界设置完成，共 4 个参数待优化
2026-02-13 16:41:47 | INFO | [perform_fitting_sync] L-BFGS-B优化参数：最大迭代=10
2026-02-13 16:41:47 | INFO | [perform_fitting_sync] L-BFGS-B优化完成，目标函数值=145793.0214, 收敛=1
2026-02-13 16:42:07 | INFO | [perform_fitting_sync] 参数边界设置完成，共 4 个参数待优化
2026-02-13 16:42:07 | INFO | [perform_fitting_sync] L-BFGS-B优化参数：最大迭代=10
2026-02-13 16:42:07 | INFO | [perform_fitting_sync] L-BFGS-B优化完成，目标函数值=145967.6253, 收敛=1
2026-02-13 16:42:09 | INFO | [perform_fitting_sync] 参数边界设置完成，共 4 个参数待优化
2026-02-13 16:42:09 | INFO | [perform_fitting_sync] L-BFGS-B优化参数：最大迭代=10
2026-02-13 16:42:09 | INFO | [perform_fitting_sync] L-BFGS-B优化完成，目标函数值=146109.2893, 收敛=1
2026-02-13 16:42:22 | INFO | [perform_fitting_sync] 参数边界设置完成，共 4 个参数待优化
2026-02-13 16:42:22 | INFO | [perform_fitting_sync] L-BFGS-B优化参数：最大迭代=10
2026-02-13 16:42:22 | INFO | [perform_fitting_sync] L-BFGS-B优化完成，目标函数值=928866.8268, 收敛=1
2026-02-13 16:42:23 | INFO | [perform_fitting_sync] 参数边界设置完成，共 4 个参数待优化
2026-02-13 16:42:23 | INFO | [perform_fitting_sync] L-BFGS-B优化参数：最大迭代=10
2026-02-13 16:42:23 | INFO | [perform_fitting_sync] L-BFGS-B优化完成，目标函数值=683532.9139, 收敛=1
2026-02-13 16:42:25 | INFO | [perform_fitting_sync] 参数边界设置完成，共 4 个参数待优化
2026-02-13 16:42:25 | INFO | [perform_fitting_sync] L-BFGS-B优化参数：最大迭代=100
2026-02-13 16:42:25 | INFO | [perform_fitting_sync] L-BFGS-B优化完成，目标函数值=145692.6012, 收敛=0
2026-02-13 16:42:27 | INFO | [perform_fitting_sync] 参数边界设置完成，共 4 个参数待优化
2026-02-13 16:42:27 | INFO | [perform_fitting_sync] L-BFGS-B优化参数：最大迭代=100
2026-02-13 16:42:27 | INFO | [perform_fitting_sync] L-BFGS-B优化完成，目标函数值=145693.4958, 收敛=0
2026-02-13 16:42:29 | INFO | [perform_fitting_sync] 参数边界设置完成，共 4 个参数待优化
2026-02-13 16:42:29 | INFO | [perform_fitting_sync] L-BFGS-B优化参数：最大迭代=100
2026-02-13 16:42:29 | INFO | [perform_fitting_sync] L-BFGS-B优化完成，目标函数值=145693.5067, 收敛=0
2026-02-13 16:42:30 | INFO | [perform_fitting_sync] 参数边界设置完成，共 4 个参数待优化
2026-02-13 16:42:30 | INFO | [perform_fitting_sync] L-BFGS-B优化参数：最大迭代=100
2026-02-13 16:42:30 | INFO | [perform_fitting_sync] L-BFGS-B优化完成，目标函数值=145693.4966, 收敛=0
2026-02-13 16:42:37 | INFO | [perform_fitting_sync] 参数边界设置完成，共 4 个参数待优化
2026-02-13 16:42:37 | INFO | [perform_fitting_sync] L-BFGS-B优化参数：最大迭代=100
2026-02-13 16:42:37 | INFO | [perform_fitting_sync] L-BFGS-B优化完成，目标函数值=494826.2959, 收敛=0
2026-02-13 16:42:39 | INFO | [perform_fitting_sync] 参数边界设置完成，共 4 个参数待优化
2026-02-13 16:42:39 | INFO | [perform_fitting_sync] L-BFGS-B优化参数：最大迭代=100
2026-02-13 16:42:39 | INFO | [perform_fitting_sync] L-BFGS-B优化完成，目标函数值=494826.7181, 收敛=0
2026-02-13 16:42:41 | INFO | [perform_fitting_sync] 参数边界设置完成，共 4 个参数待优化
2026-02-13 16:42:41 | INFO | [perform_fitting_sync] L-BFGS-B优化参数：最大迭代=100
2026-02-13 16:42:41 | INFO | [perform_fitting_sync] L-BFGS-B优化完成，目标函数值=494826.7181, 收敛=0
2026-02-13 16:42:43 | INFO | [perform_fitting_sync] 参数边界设置完成，共 4 个参数待优化
2026-02-13 16:42:43 | INFO | [perform_fitting_sync] L-BFGS-B优化参数：最大迭代=10
2026-02-13 16:42:43 | INFO | [perform_fitting_sync] L-BFGS-B优化完成，目标函数值=494826.7181, 收敛=0
2026-02-13 16:42:54 | INFO | [perform_fitting_sync] 参数边界设置完成，共 4 个参数待优化
2026-02-13 16:42:54 | INFO | [perform_fitting_sync] L-BFGS-B优化参数：最大迭代=10
2026-02-13 16:42:54 | INFO | [perform_fitting_sync] L-BFGS-B优化完成，目标函数值=494826.7181, 收敛=0
2026-02-13 16:43:16 | INFO | [perform_fitting_sync] 参数边界设置完成，共 4 个参数待优化
2026-02-13 16:43:16 | INFO | [perform_fitting_sync] L-BFGS-B优化参数：最大迭代=10
2026-02-13 16:43:17 | INFO | [perform_fitting_sync] L-BFGS-B优化完成，目标函数值=1263118.1087, 收敛=1
2026-02-13 16:43:18 | INFO | [perform_fitting_sync] 参数边界设置完成，共 4 个参数待优化
2026-02-13 16:43:18 | INFO | [perform_fitting_sync] L-BFGS-B优化参数：最大迭代=100
2026-02-13 16:43:18 | INFO | [perform_fitting_sync] L-BFGS-B优化完成，目标函数值=1260446.8220, 收敛=0
2026-02-13 16:43:20 | INFO | [perform_fitting_sync] 参数边界设置完成，共 4 个参数待优化
2026-02-13 16:43:20 | INFO | [perform_fitting_sync] L-BFGS-B优化参数：最大迭代=100
2026-02-13 16:43:20 | INFO | [perform_fitting_sync] L-BFGS-B优化完成，目标函数值=1247205.9553, 收敛=0
2026-02-13 16:43:36 | INFO | [perform_fitting_sync] 参数边界设置完成，共 4 个参数待优化
2026-02-13 16:43:36 | INFO | [perform_fitting_sync] L-BFGS-B优化参数：最大迭代=10
2026-02-13 16:43:36 | INFO | [perform_fitting_sync] L-BFGS-B优化完成，目标函数值=3243731.2117, 收敛=1
2026-02-13 16:43:37 | INFO | [perform_fitting_sync] 参数边界设置完成，共 4 个参数待优化
2026-02-13 16:43:37 | INFO | [perform_fitting_sync] L-BFGS-B优化参数：最大迭代=10
2026-02-13 16:43:37 | INFO | [perform_fitting_sync] L-BFGS-B优化完成，目标函数值=2925756.9782, 收敛=1
2026-02-13 16:43:38 | INFO | [perform_fitting_sync] 参数边界设置完成，共 4 个参数待优化
2026-02-13 16:43:38 | INFO | [perform_fitting_sync] L-BFGS-B优化参数：最大迭代=100
2026-02-13 16:43:39 | INFO | [perform_fitting_sync] L-BFGS-B优化完成，目标函数值=1067503.4569, 收敛=0
2026-02-13 16:43:40 | INFO | [perform_fitting_sync] 参数边界设置完成，共 4 个参数待优化
2026-02-13 16:43:40 | INFO | [perform_fitting_sync] L-BFGS-B优化参数：最大迭代=100
2026-02-13 16:43:40 | INFO | [perform_fitting_sync] L-BFGS-B优化完成，目标函数值=1067503.8407, 收敛=0
2026-02-13 16:43:42 | INFO | [perform_fitting_sync] 参数边界设置完成，共 4 个参数待优化
2026-02-13 16:43:42 | INFO | [perform_fitting_sync] L-BFGS-B优化参数：最大迭代=100
2026-02-13 16:43:42 | INFO | [perform_fitting_sync] L-BFGS-B优化完成，目标函数值=1067503.8408, 收敛=0
2026-02-13 16:44:25 | INFO | [perform_fitting_sync] 参数边界设置完成，共 4 个参数待优化
2026-02-13 16:44:25 | INFO | [perform_fitting_sync] L-BFGS-B优化参数：最大迭代=100
2026-02-13 16:44:26 | INFO | [perform_fitting_sync] L-BFGS-B优化完成，目标函数值=1067503.8408, 收敛=0
2026-02-13 16:44:41 | INFO | [perform_fitting_sync] 参数边界设置完成，共 4 个参数待优化
2026-02-13 16:44:41 | INFO | [perform_fitting_sync] L-BFGS-B优化参数：最大迭代=10
2026-02-13 16:44:41 | INFO | [perform_fitting_sync] L-BFGS-B优化完成，目标函数值=1812257.2386, 收敛=1
2026-02-13 16:44:43 | INFO | [perform_fitting_sync] 参数边界设置完成，共 4 个参数待优化
2026-02-13 16:44:43 | INFO | [perform_fitting_sync] L-BFGS-B优化参数：最大迭代=100
2026-02-13 16:44:44 | INFO | [perform_fitting_sync] L-BFGS-B优化完成，目标函数值=227644.6894, 收敛=0
2026-02-13 16:44:45 | INFO | [perform_fitting_sync] 参数边界设置完成，共 4 个参数待优化
2026-02-13 16:44:45 | INFO | [perform_fitting_sync] L-BFGS-B优化参数：最大迭代=100
2026-02-13 16:44:45 | INFO | [perform_fitting_sync] L-BFGS-B优化完成，目标函数值=227649.4738, 收敛=0
2026-02-13 16:44:47 | INFO | [perform_fitting_sync] 参数边界设置完成，共 4 个参数待优化
2026-02-13 16:44:47 | INFO | [perform_fitting_sync] L-BFGS-B优化参数：最大迭代=100
2026-02-13 16:44:47 | INFO | [perform_fitting_sync] L-BFGS-B优化完成，目标函数值=227649.4831, 收敛=0
2026-02-13 16:44:58 | INFO | [perform_fitting_sync] 参数边界设置完成，共 4 个参数待优化
2026-02-13 16:44:58 | INFO | [perform_fitting_sync] L-BFGS-B优化参数：最大迭代=10
2026-02-13 16:44:58 | INFO | [perform_fitting_sync] L-BFGS-B优化完成，目标函数值=375567.6405, 收敛=1
2026-02-13 16:44:59 | INFO | [perform_fitting_sync] 参数边界设置完成，共 4 个参数待优化
2026-02-13 16:44:59 | INFO | [perform_fitting_sync] L-BFGS-B优化参数：最大迭代=10
2026-02-13 16:44:59 | INFO | [perform_fitting_sync] L-BFGS-B优化完成，目标函数值=240877.1179, 收敛=1
2026-02-13 16:45:00 | INFO | [perform_fitting_sync] 参数边界设置完成，共 4 个参数待优化
2026-02-13 16:45:00 | INFO | [perform_fitting_sync] L-BFGS-B优化参数：最大迭代=10
2026-02-13 16:45:01 | INFO | [perform_fitting_sync] L-BFGS-B优化完成，目标函数值=140101.9433, 收敛=1
2026-02-13 16:45:02 | INFO | [perform_fitting_sync] 参数边界设置完成，共 4 个参数待优化
2026-02-13 16:45:02 | INFO | [perform_fitting_sync] L-BFGS-B优化参数：最大迭代=10
2026-02-13 16:45:02 | INFO | [perform_fitting_sync] L-BFGS-B优化完成，目标函数值=117015.7518, 收敛=1
2026-02-13 16:45:07 | INFO | [perform_fitting_sync] 参数边界设置完成，共 4 个参数待优化
2026-02-13 16:45:07 | INFO | [perform_fitting_sync] L-BFGS-B优化参数：最大迭代=10
2026-02-13 16:45:07 | INFO | [perform_fitting_sync] L-BFGS-B优化完成，目标函数值=115610.3855, 收敛=1
2026-02-13 16:45:10 | INFO | [perform_fitting_sync] 参数边界设置完成，共 4 个参数待优化
2026-02-13 16:45:10 | INFO | [perform_fitting_sync] L-BFGS-B优化参数：最大迭代=10
2026-02-13 16:45:10 | INFO | [perform_fitting_sync] L-BFGS-B优化完成，目标函数值=114191.0393, 收敛=1
2026-02-13 16:45:11 | INFO | [perform_fitting_sync] 参数边界设置完成，共 4 个参数待优化
2026-02-13 16:45:11 | INFO | [perform_fitting_sync] L-BFGS-B优化参数：最大迭代=100
2026-02-13 16:45:11 | INFO | [perform_fitting_sync] L-BFGS-B优化完成，目标函数值=108273.3362, 收敛=0
2026-02-13 16:46:17 | INFO | [perform_fitting_sync] 参数边界设置完成，共 4 个参数待优化
2026-02-13 16:46:17 | INFO | [perform_fitting_sync] L-BFGS-B优化参数：最大迭代=10
2026-02-13 16:46:17 | INFO | [perform_fitting_sync] L-BFGS-B优化完成，目标函数值=108274.0011, 收敛=0
2026-02-13 17:52:54 | INFO | [perform_fitting_sync] 参数边界设置完成，共 3 个参数待优化
2026-02-13 17:52:54 | INFO | [perform_fitting_sync] L-BFGS-B优化参数：最大迭代=10
2026-02-13 17:52:54 | INFO | [perform_fitting_sync] L-BFGS-B优化完成，目标函数值=0.0004, 收敛=1
2026-02-13 18:17:13 | INFO | [perform_fitting_sync] 参数边界设置完成，共 4 个参数待优化
2026-02-13 18:17:13 | INFO | [perform_fitting_sync] L-BFGS-B优化参数：最大迭代=10
2026-02-13 18:17:13 | INFO | [perform_fitting_sync] L-BFGS-B优化完成，目标函数值=459488.7107, 收敛=1
2026-02-13 18:17:14 | INFO | [perform_fitting_sync] 参数边界设置完成，共 4 个参数待优化
2026-02-13 18:17:14 | INFO | [perform_fitting_sync] L-BFGS-B优化参数：最大迭代=10
2026-02-13 18:17:14 | INFO | [perform_fitting_sync] L-BFGS-B优化完成，目标函数值=409766.0990, 收敛=1
2026-02-13 18:17:14 | INFO | [perform_fitting_sync] 参数边界设置完成，共 4 个参数待优化
2026-02-13 18:17:14 | INFO | [perform_fitting_sync] L-BFGS-B优化参数：最大迭代=10
2026-02-13 18:17:14 | INFO | [perform_fitting_sync] L-BFGS-B优化完成，目标函数值=392046.9138, 收敛=1
2026-02-13 18:17:15 | INFO | [perform_fitting_sync] 参数边界设置完成，共 4 个参数待优化
2026-02-13 18:17:15 | INFO | [perform_fitting_sync] L-BFGS-B优化参数：最大迭代=10
2026-02-13 18:17:15 | INFO | [perform_fitting_sync] L-BFGS-B优化完成，目标函数值=371936.1854, 收敛=1
2026-02-13 18:17:16 | INFO | [perform_fitting_sync] 参数边界设置完成，共 4 个参数待优化
2026-02-13 18:17:16 | INFO | [perform_fitting_sync] L-BFGS-B优化参数：最大迭代=100
2026-02-13 18:17:17 | INFO | [perform_fitting_sync] L-BFGS-B优化完成，目标函数值=227644.6894, 收敛=0
2026-02-13 18:17:18 | INFO | [perform_fitting_sync] 参数边界设置完成，共 4 个参数待优化
2026-02-13 18:17:18 | INFO | [perform_fitting_sync] L-BFGS-B优化参数：最大迭代=100
2026-02-13 18:17:18 | INFO | [perform_fitting_sync] L-BFGS-B优化完成，目标函数值=227649.4738, 收敛=0
2026-02-13 18:17:19 | INFO | [perform_fitting_sync] 参数边界设置完成，共 4 个参数待优化
2026-02-13 18:17:19 | INFO | [perform_fitting_sync] L-BFGS-B优化参数：最大迭代=100
2026-02-13 18:17:19 | INFO | [perform_fitting_sync] L-BFGS-B优化完成，目标函数值=227649.4831, 收敛=0
2026-02-13 18:31:44 | INFO | [perform_fitting_sync] 参数边界设置完成，共 4 个参数待优化
2026-02-13 18:31:44 | INFO | [perform_fitting_sync] L-BFGS-B优化参数：最大迭代=100
2026-02-13 18:31:44 | INFO | [perform_fitting_sync] L-BFGS-B优化完成，目标函数值=404860.5097, 收敛=0
2026-02-13 18:31:47 | INFO | [perform_fitting_sync] 参数边界设置完成，共 4 个参数待优化
2026-02-13 18:31:47 | INFO | [perform_fitting_sync] L-BFGS-B优化参数：最大迭代=100
2026-02-13 18:31:47 | INFO | [perform_fitting_sync] L-BFGS-B优化完成，目标函数值=404823.5380, 收敛=0
2026-02-13 18:31:48 | INFO | [perform_fitting_sync] 参数边界设置完成，共 4 个参数待优化
2026-02-13 18:31:48 | INFO | [perform_fitting_sync] L-BFGS-B优化参数：最大迭代=100
2026-02-13 18:31:48 | INFO | [perform_fitting_sync] L-BFGS-B优化完成，目标函数值=404820.4579, 收敛=0
2026-02-13 18:31:49 | INFO | [perform_fitting_sync] 参数边界设置完成，共 4 个参数待优化
2026-02-13 18:31:49 | INFO | [perform_fitting_sync] L-BFGS-B优化参数：最大迭代=10
2026-02-13 18:31:49 | INFO | [perform_fitting_sync] L-BFGS-B优化完成，目标函数值=404820.4576, 收敛=0
2026-02-13 18:31:51 | INFO | [perform_fitting_sync] 参数边界设置完成，共 4 个参数待优化
2026-02-13 18:31:51 | INFO | [perform_fitting_sync] L-BFGS-B优化参数：最大迭代=10
2026-02-13 18:31:51 | INFO | [perform_fitting_sync] L-BFGS-B优化完成，目标函数值=404820.4575, 收敛=0
2026-02-13 18:31:53 | INFO | [perform_fitting_sync] 参数边界设置完成，共 4 个参数待优化
2026-02-13 18:31:53 | INFO | [perform_fitting_sync] L-BFGS-B优化参数：最大迭代=10
2026-02-13 18:31:53 | INFO | [perform_fitting_sync] L-BFGS-B优化完成，目标函数值=404820.4575, 收敛=0
2026-02-13 18:31:58 | INFO | [perform_fitting_sync] 参数边界设置完成，共 4 个参数待优化
2026-02-13 18:31:58 | INFO | [perform_fitting_sync] L-BFGS-B优化参数：最大迭代=10
2026-02-13 18:31:58 | INFO | [perform_fitting_sync] L-BFGS-B优化完成，目标函数值=404820.4575, 收敛=0
2026-02-13 18:32:00 | INFO | [perform_fitting_sync] 参数边界设置完成，共 4 个参数待优化
2026-02-13 18:32:00 | INFO | [perform_fitting_sync] L-BFGS-B优化参数：最大迭代=10
2026-02-13 18:32:00 | INFO | [perform_fitting_sync] L-BFGS-B优化完成，目标函数值=404820.4575, 收敛=0
2026-02-13 18:32:01 | INFO | [perform_fitting_sync] 参数边界设置完成，共 4 个参数待优化
2026-02-13 18:32:01 | INFO | [perform_fitting_sync] DE优化参数：种群大小=50, 最大迭代=50
2026-02-13 18:32:02 | INFO | [perform_fitting_sync] DE优化完成，目标函数值=404799.9904
2026-02-13 18:32:05 | INFO | [perform_fitting_sync] 参数边界设置完成，共 4 个参数待优化
2026-02-13 18:32:05 | INFO | [perform_fitting_sync] L-BFGS-B优化参数：最大迭代=10
2026-02-13 18:32:05 | INFO | [perform_fitting_sync] L-BFGS-B优化完成，目标函数值=404718.5060, 收敛=1
2026-02-13 18:32:06 | INFO | [perform_fitting_sync] 参数边界设置完成，共 4 个参数待优化
2026-02-13 18:32:06 | INFO | [perform_fitting_sync] L-BFGS-B优化参数：最大迭代=10
2026-02-13 18:32:06 | INFO | [perform_fitting_sync] L-BFGS-B优化完成，目标函数值=404730.9893, 收敛=0
2026-02-13 18:35:42 | INFO | [perform_fitting_sync] 参数边界设置完成，共 1 个参数待优化
2026-02-13 18:35:42 | INFO | [perform_fitting_sync] L-BFGS-B优化参数：最大迭代=10
2026-02-13 18:35:42 | INFO | [perform_fitting_sync] L-BFGS-B优化完成，目标函数值=27625.6117, 收敛=0
2026-02-13 18:36:04 | INFO | [perform_fitting_sync] 参数边界设置完成，共 6 个参数待优化
2026-02-13 18:36:04 | INFO | [perform_fitting_sync] L-BFGS-B优化参数：最大迭代=10
2026-02-13 18:36:07 | INFO | [perform_fitting_sync] L-BFGS-B优化完成，目标函数值=46019830.0899, 收敛=0
2026-02-13 18:36:09 | INFO | [perform_fitting_sync] 参数边界设置完成，共 6 个参数待优化
2026-02-13 18:36:09 | INFO | [perform_fitting_sync] L-BFGS-B优化参数：最大迭代=10
2026-02-13 18:36:11 | INFO | [perform_fitting_sync] L-BFGS-B优化完成，目标函数值=41835525.9403, 收敛=1
2026-02-13 18:36:14 | INFO | [perform_fitting_sync] 参数边界设置完成，共 6 个参数待优化
2026-02-13 18:36:14 | INFO | [perform_fitting_sync] L-BFGS-B优化参数：最大迭代=10
2026-02-13 18:36:16 | INFO | [perform_fitting_sync] L-BFGS-B优化完成，目标函数值=40831494.6840, 收敛=1
2026-02-13 18:36:27 | INFO | [perform_fitting_sync] 参数边界设置完成，共 7 个参数待优化
2026-02-13 18:36:27 | INFO | [perform_fitting_sync] L-BFGS-B优化参数：最大迭代=10
2026-02-13 18:36:29 | INFO | [perform_fitting_sync] L-BFGS-B优化完成，目标函数值=15289690.3100, 收敛=1
2026-02-13 18:36:32 | INFO | [perform_fitting_sync] 参数边界设置完成，共 7 个参数待优化
2026-02-13 18:36:32 | INFO | [perform_fitting_sync] L-BFGS-B优化参数：最大迭代=10
2026-02-13 18:36:34 | INFO | [perform_fitting_sync] L-BFGS-B优化完成，目标函数值=4774199.8156, 收敛=1
2026-02-13 18:36:37 | INFO | [perform_fitting_sync] 参数边界设置完成，共 7 个参数待优化
2026-02-13 18:36:37 | INFO | [perform_fitting_sync] DE优化参数：种群大小=70, 最大迭代=50
2026-02-13 18:36:57 | INFO | [perform_fitting_sync] DE优化完成，目标函数值=9255275.8323
2026-02-13 18:37:24 | INFO | [perform_fitting_sync] 参数边界设置完成，共 6 个参数待优化
2026-02-13 18:37:24 | INFO | [perform_fitting_sync] L-BFGS-B优化参数：最大迭代=10
2026-02-13 18:37:25 | INFO | [perform_fitting_sync] L-BFGS-B优化完成，目标函数值=32742835.7457, 收敛=1
2026-02-13 18:37:27 | INFO | [perform_fitting_sync] 参数边界设置完成，共 6 个参数待优化
2026-02-13 18:37:27 | INFO | [perform_fitting_sync] L-BFGS-B优化参数：最大迭代=10
2026-02-13 18:37:29 | INFO | [perform_fitting_sync] L-BFGS-B优化完成，目标函数值=32741009.1905, 收敛=0
2026-02-13 18:37:29 | INFO | [perform_fitting_sync] 参数边界设置完成，共 6 个参数待优化
2026-02-13 18:37:29 | INFO | [perform_fitting_sync] L-BFGS-B优化参数：最大迭代=100
2026-02-13 18:37:32 | INFO | [perform_fitting_sync] L-BFGS-B优化完成，目标函数值=32741009.1905, 收敛=0
2026-02-13 18:37:56 | INFO | [perform_fitting_sync] 参数边界设置完成，共 6 个参数待优化
2026-02-13 18:37:56 | INFO | [perform_fitting_sync] L-BFGS-B优化参数：最大迭代=10
2026-02-13 18:37:58 | INFO | [perform_fitting_sync] L-BFGS-B优化完成，目标函数值=17203580.3234, 收敛=1
2026-02-13 18:38:01 | INFO | [perform_fitting_sync] 参数边界设置完成，共 6 个参数待优化
2026-02-13 18:38:01 | INFO | [perform_fitting_sync] DE优化参数：种群大小=60, 最大迭代=50
2026-02-13 18:38:24 | INFO | [perform_fitting_sync] DE优化完成，目标函数值=964979.2528
2026-02-13 18:38:27 | INFO | [perform_fitting_sync] 参数边界设置完成，共 6 个参数待优化
2026-02-13 18:38:27 | INFO | [perform_fitting_sync] L-BFGS-B优化参数：最大迭代=10
2026-02-13 18:38:36 | INFO | [perform_fitting_sync] L-BFGS-B优化完成，目标函数值=954464.2973, 收敛=0
2026-02-13 18:38:39 | INFO | [perform_fitting_sync] 参数边界设置完成，共 7 个参数待优化
2026-02-13 18:38:39 | INFO | [perform_fitting_sync] L-BFGS-B优化参数：最大迭代=10
2026-02-13 18:38:47 | INFO | [perform_fitting_sync] L-BFGS-B优化完成，目标函数值=844792.0518, 收敛=1
2026-02-13 18:39:17 | INFO | [perform_fitting_sync] 参数边界设置完成，共 7 个参数待优化
2026-02-13 18:39:17 | INFO | [perform_fitting_sync] L-BFGS-B优化参数：最大迭代=10
2026-02-13 18:39:25 | INFO | [perform_fitting_sync] L-BFGS-B优化完成，目标函数值=844694.1954, 收敛=52
2026-02-13 18:39:28 | INFO | [perform_fitting_sync] 参数边界设置完成，共 7 个参数待优化
2026-02-13 18:39:28 | INFO | [perform_fitting_sync] L-BFGS-B优化参数：最大迭代=100
2026-02-13 18:39:40 | INFO | [perform_fitting_sync] L-BFGS-B优化完成，目标函数值=844685.0613, 收敛=52
2026-02-13 18:39:42 | INFO | [perform_fitting_sync] 参数边界设置完成，共 7 个参数待优化
2026-02-13 18:39:42 | INFO | [perform_fitting_sync] DE优化参数：种群大小=70, 最大迭代=50
2026-02-13 18:40:02 | INFO | [perform_fitting_sync] DE优化完成，目标函数值=9473344.8682
2026-02-13 18:40:07 | INFO | [perform_fitting_sync] 参数边界设置完成，共 7 个参数待优化
2026-02-13 18:40:07 | INFO | [perform_fitting_sync] L-BFGS-B优化参数：最大迭代=100
2026-02-13 18:40:13 | INFO | [perform_fitting_sync] L-BFGS-B优化完成，目标函数值=9331589.0038, 收敛=0
2026-02-13 18:40:13 | INFO | [perform_fitting_sync] 参数边界设置完成，共 7 个参数待优化
2026-02-13 18:40:13 | INFO | [perform_fitting_sync] DE优化参数：种群大小=70, 最大迭代=50
2026-02-13 18:40:35 | INFO | [perform_fitting_sync] DE优化完成，目标函数值=3326246.0060
2026-02-13 18:40:39 | INFO | [perform_fitting_sync] 参数边界设置完成，共 7 个参数待优化
2026-02-13 18:40:39 | INFO | [perform_fitting_sync] L-BFGS-B优化参数：最大迭代=10
2026-02-13 18:40:41 | INFO | [perform_fitting_sync] L-BFGS-B优化完成，目标函数值=1833069.5777, 收敛=1
2026-02-13 18:40:43 | INFO | [perform_fitting_sync] 参数边界设置完成，共 7 个参数待优化
2026-02-13 18:40:43 | INFO | [perform_fitting_sync] L-BFGS-B优化参数：最大迭代=100
2026-02-13 18:41:00 | INFO | [perform_fitting_sync] L-BFGS-B优化完成，目标函数值=1003174.3603, 收敛=0
2026-02-13 18:41:03 | INFO | [perform_fitting_sync] 参数边界设置完成，共 8 个参数待优化
2026-02-13 18:41:03 | INFO | [perform_fitting_sync] L-BFGS-B优化参数：最大迭代=10
2026-02-13 18:41:05 | INFO | [perform_fitting_sync] L-BFGS-B优化完成，目标函数值=999646.4328, 收敛=1
2026-02-13 18:41:08 | INFO | [perform_fitting_sync] 参数边界设置完成，共 8 个参数待优化
2026-02-13 18:41:08 | INFO | [perform_fitting_sync] L-BFGS-B优化参数：最大迭代=100
2026-02-13 18:41:26 | INFO | [perform_fitting_sync] L-BFGS-B优化完成，目标函数值=997707.0741, 收敛=52
2026-02-13 18:41:40 | INFO | [perform_fitting_sync] 参数边界设置完成，共 8 个参数待优化
2026-02-13 18:41:40 | INFO | [perform_fitting_sync] L-BFGS-B优化参数：最大迭代=10
2026-02-13 18:41:48 | INFO | [perform_fitting_sync] L-BFGS-B优化完成，目标函数值=997661.7871, 收敛=0
2026-02-13 18:41:52 | INFO | [perform_fitting_sync] 参数边界设置完成，共 8 个参数待优化
2026-02-13 18:41:52 | INFO | [perform_fitting_sync] L-BFGS-B优化参数：最大迭代=100
2026-02-13 18:42:04 | INFO | [perform_fitting_sync] L-BFGS-B优化完成，目标函数值=995421.4189, 收敛=52
2026-02-13 18:42:08 | INFO | [perform_fitting_sync] 参数边界设置完成，共 8 个参数待优化
2026-02-13 18:42:08 | INFO | [perform_fitting_sync] L-BFGS-B优化参数：最大迭代=100
2026-02-13 18:42:11 | INFO | [perform_fitting_sync] L-BFGS-B优化完成，目标函数值=995291.6871, 收敛=0
2026-02-13 18:42:14 | INFO | [perform_fitting_sync] 参数边界设置完成，共 8 个参数待优化
2026-02-13 18:42:14 | INFO | [perform_fitting_sync] L-BFGS-B优化参数：最大迭代=100
2026-02-13 18:42:18 | INFO | [perform_fitting_sync] L-BFGS-B优化完成，目标函数值=995334.3868, 收敛=0
2026-02-13 18:42:19 | INFO | [perform_fitting_sync] 参数边界设置完成，共 8 个参数待优化
2026-02-13 18:42:19 | INFO | [perform_fitting_sync] L-BFGS-B优化参数：最大迭代=10
2026-02-13 18:42:25 | INFO | [perform_fitting_sync] L-BFGS-B优化完成，目标函数值=995334.3640, 收敛=52
2026-02-13 18:42:32 | INFO | [perform_fitting_sync] 参数边界设置完成，共 9 个参数待优化
2026-02-13 18:42:32 | INFO | [perform_fitting_sync] L-BFGS-B优化参数：最大迭代=10
2026-02-13 18:42:38 | INFO | [perform_fitting_sync] L-BFGS-B优化完成，目标函数值=995334.3626, 收敛=52
2026-02-13 18:42:41 | INFO | [perform_fitting_sync] 参数边界设置完成，共 9 个参数待优化
2026-02-13 18:42:41 | INFO | [perform_fitting_sync] L-BFGS-B优化参数：最大迭代=10
2026-02-13 18:42:44 | INFO | [perform_fitting_sync] L-BFGS-B优化完成，目标函数值=995334.3656, 收敛=52
2026-02-13 18:43:33 | INFO | [perform_fitting_sync] 参数边界设置完成，共 7 个参数待优化
2026-02-13 18:43:33 | INFO | [perform_fitting_sync] L-BFGS-B优化参数：最大迭代=10
2026-02-13 18:43:35 | INFO | [perform_fitting_sync] L-BFGS-B优化完成，目标函数值=9637924.8502, 收敛=1
2026-02-13 18:43:39 | INFO | [perform_fitting_sync] 参数边界设置完成，共 7 个参数待优化
2026-02-13 18:43:39 | INFO | [perform_fitting_sync] L-BFGS-B优化参数：最大迭代=100
2026-02-13 18:43:56 | INFO | [perform_fitting_sync] L-BFGS-B优化完成，目标函数值=967487.2481, 收敛=1
2026-02-13 18:44:04 | INFO | [perform_fitting_sync] 参数边界设置完成，共 7 个参数待优化
2026-02-13 18:44:04 | INFO | [perform_fitting_sync] L-BFGS-B优化参数：最大迭代=10
2026-02-13 18:44:06 | INFO | [perform_fitting_sync] L-BFGS-B优化完成，目标函数值=928224.7409, 收敛=1
2026-02-13 18:44:12 | INFO | [perform_fitting_sync] 参数边界设置完成，共 7 个参数待优化
2026-02-13 18:44:12 | INFO | [perform_fitting_sync] L-BFGS-B优化参数：最大迭代=10
2026-02-13 18:44:14 | INFO | [perform_fitting_sync] L-BFGS-B优化完成，目标函数值=890588.1491, 收敛=1
2026-02-13 18:44:27 | INFO | [perform_fitting_sync] 参数边界设置完成，共 7 个参数待优化
2026-02-13 18:44:27 | INFO | [perform_fitting_sync] L-BFGS-B优化参数：最大迭代=10
2026-02-13 18:44:29 | INFO | [perform_fitting_sync] L-BFGS-B优化完成，目标函数值=889303.6191, 收敛=1
2026-02-13 18:45:08 | INFO | [perform_fitting_sync] 参数边界设置完成，共 7 个参数待优化
2026-02-13 18:45:08 | INFO | [perform_fitting_sync] L-BFGS-B优化参数：最大迭代=10
2026-02-13 18:45:10 | INFO | [perform_fitting_sync] L-BFGS-B优化完成，目标函数值=888062.0686, 收敛=1
2026-02-13 18:45:13 | INFO | [perform_fitting_sync] 参数边界设置完成，共 7 个参数待优化
2026-02-13 18:45:13 | INFO | [perform_fitting_sync] L-BFGS-B优化参数：最大迭代=100
2026-02-13 18:45:32 | INFO | [perform_fitting_sync] L-BFGS-B优化完成，目标函数值=817269.9314, 收敛=0
2026-02-13 18:45:39 | INFO | [perform_fitting_sync] 参数边界设置完成，共 8 个参数待优化
2026-02-13 18:45:39 | INFO | [perform_fitting_sync] L-BFGS-B优化参数：最大迭代=10
2026-02-13 18:45:43 | INFO | [perform_fitting_sync] L-BFGS-B优化完成，目标函数值=811542.2941, 收敛=1
2026-02-13 18:45:47 | INFO | [perform_fitting_sync] 参数边界设置完成，共 8 个参数待优化
2026-02-13 18:45:47 | INFO | [perform_fitting_sync] L-BFGS-B优化参数：最大迭代=10
2026-02-13 18:45:49 | INFO | [perform_fitting_sync] L-BFGS-B优化完成，目标函数值=811344.1892, 收敛=1
2026-02-13 18:45:51 | INFO | [perform_fitting_sync] 参数边界设置完成，共 8 个参数待优化
2026-02-13 18:45:51 | INFO | [perform_fitting_sync] L-BFGS-B优化参数：最大迭代=10
2026-02-13 18:45:54 | INFO | [perform_fitting_sync] L-BFGS-B优化完成，目标函数值=811386.7438, 收敛=1
2026-02-13 18:46:12 | INFO | [perform_fitting_sync] 参数边界设置完成，共 8 个参数待优化
2026-02-13 18:46:12 | INFO | [perform_fitting_sync] L-BFGS-B优化参数：最大迭代=10
2026-02-13 18:46:14 | INFO | [perform_fitting_sync] L-BFGS-B优化完成，目标函数值=811404.4539, 收敛=1
2026-02-13 18:46:33 | INFO | [perform_fitting_sync] 参数边界设置完成，共 10 个参数待优化
2026-02-13 18:46:33 | INFO | [perform_fitting_sync] L-BFGS-B优化参数：最大迭代=10
2026-02-13 18:46:37 | INFO | [perform_fitting_sync] L-BFGS-B优化完成，目标函数值=763599.6291, 收敛=1
2026-02-13 18:46:43 | INFO | [perform_fitting_sync] 参数边界设置完成，共 10 个参数待优化
2026-02-13 18:46:43 | INFO | [perform_fitting_sync] L-BFGS-B优化参数：最大迭代=10
2026-02-13 18:46:46 | INFO | [perform_fitting_sync] L-BFGS-B优化完成，目标函数值=752385.9414, 收敛=1
2026-02-13 18:47:10 | INFO | [perform_fitting_sync] 参数边界设置完成，共 10 个参数待优化
2026-02-13 18:47:10 | INFO | [perform_fitting_sync] L-BFGS-B优化参数：最大迭代=10
2026-02-13 18:47:13 | INFO | [perform_fitting_sync] L-BFGS-B优化完成，目标函数值=468025.7600, 收敛=1
2026-02-13 18:47:23 | INFO | [perform_fitting_sync] 参数边界设置完成，共 10 个参数待优化
2026-02-13 18:47:23 | INFO | [perform_fitting_sync] L-BFGS-B优化参数：最大迭代=100
2026-02-13 18:47:30 | INFO | [perform_fitting_sync] L-BFGS-B优化完成，目标函数值=461628.2932, 收敛=52
2026-02-13 18:47:44 | INFO | [perform_fitting_sync] 参数边界设置完成，共 10 个参数待优化
2026-02-13 18:47:44 | INFO | [perform_fitting_sync] L-BFGS-B优化参数：最大迭代=10
2026-02-13 18:47:49 | INFO | [perform_fitting_sync] L-BFGS-B优化完成，目标函数值=461562.1841, 收敛=52
2026-02-13 18:48:04 | INFO | [perform_fitting_sync] 参数边界设置完成，共 9 个参数待优化
2026-02-13 18:48:04 | INFO | [perform_fitting_sync] L-BFGS-B优化参数：最大迭代=10
2026-02-13 18:48:07 | INFO | [perform_fitting_sync] L-BFGS-B优化完成，目标函数值=518763.4948, 收敛=1
2026-02-13 18:48:12 | INFO | [perform_fitting_sync] 参数边界设置完成，共 9 个参数待优化
2026-02-13 18:48:12 | INFO | [perform_fitting_sync] L-BFGS-B优化参数：最大迭代=10
2026-02-13 18:48:15 | INFO | [perform_fitting_sync] L-BFGS-B优化完成，目标函数值=546623.2538, 收敛=1
2026-02-13 18:48:16 | INFO | [perform_fitting_sync] 参数边界设置完成，共 9 个参数待优化
2026-02-13 18:48:16 | INFO | [perform_fitting_sync] L-BFGS-B优化参数：最大迭代=10
2026-02-13 18:48:18 | INFO | [perform_fitting_sync] L-BFGS-B优化完成，目标函数值=539678.0040, 收敛=1
2026-02-13 18:48:27 | INFO | [perform_fitting_sync] 参数边界设置完成，共 9 个参数待优化
2026-02-13 18:48:27 | INFO | [perform_fitting_sync] L-BFGS-B优化参数：最大迭代=10
2026-02-13 18:48:31 | INFO | [perform_fitting_sync] L-BFGS-B优化完成，目标函数值=538890.1776, 收敛=1
2026-02-13 18:48:42 | INFO | [perform_fitting_sync] 参数边界设置完成，共 9 个参数待优化
2026-02-13 18:48:42 | INFO | [perform_fitting_sync] L-BFGS-B优化参数：最大迭代=10
2026-02-13 18:48:47 | INFO | [perform_fitting_sync] L-BFGS-B优化完成，目标函数值=538538.6435, 收敛=1
2026-02-13 18:51:11 | INFO | [perform_fitting_sync] 参数边界设置完成，共 6 个参数待优化
2026-02-13 18:51:11 | INFO | [perform_fitting_sync] L-BFGS-B优化参数：最大迭代=10
2026-02-13 18:51:19 | INFO | [perform_fitting_sync] L-BFGS-B优化完成，目标函数值=819086.3618, 收敛=52
2026-02-13 18:52:59 | INFO | [perform_fitting_sync] 参数边界设置完成，共 1 个参数待优化
2026-02-13 18:52:59 | INFO | [perform_fitting_sync] L-BFGS-B优化参数：最大迭代=100
2026-02-13 18:52:59 | INFO | [perform_fitting_sync] L-BFGS-B优化完成，目标函数值=615726.4242, 收敛=0
2026-02-13 18:53:02 | INFO | [perform_fitting_sync] 参数边界设置完成，共 1 个参数待优化
2026-02-13 18:53:02 | INFO | [perform_fitting_sync] L-BFGS-B优化参数：最大迭代=100
2026-02-13 18:53:02 | INFO | [perform_fitting_sync] L-BFGS-B优化完成，目标函数值=615726.4242, 收敛=0
2026-02-13 18:53:07 | INFO | [perform_fitting_sync] 参数边界设置完成，共 1 个参数待优化
2026-02-13 18:53:07 | INFO | [perform_fitting_sync] L-BFGS-B优化参数：最大迭代=100
2026-02-13 18:53:07 | INFO | [perform_fitting_sync] L-BFGS-B优化完成，目标函数值=53992.7418, 收敛=0
2026-02-13 18:53:12 | INFO | [perform_fitting_sync] 参数边界设置完成，共 1 个参数待优化
2026-02-13 18:53:12 | INFO | [perform_fitting_sync] L-BFGS-B优化参数：最大迭代=100
2026-02-13 18:53:12 | INFO | [perform_fitting_sync] L-BFGS-B优化完成，目标函数值=32681.9054, 收敛=0
2026-02-13 18:53:15 | INFO | [perform_fitting_sync] 参数边界设置完成，共 1 个参数待优化
2026-02-13 18:53:15 | INFO | [perform_fitting_sync] L-BFGS-B优化参数：最大迭代=100
2026-02-13 18:53:15 | INFO | [perform_fitting_sync] L-BFGS-B优化完成，目标函数值=11799.8724, 收敛=0
2026-02-13 18:53:26 | INFO | [perform_fitting_sync] 参数边界设置完成，共 7 个参数待优化
2026-02-13 18:53:26 | INFO | [perform_fitting_sync] L-BFGS-B优化参数：最大迭代=10
2026-02-13 18:53:27 | INFO | [perform_fitting_sync] L-BFGS-B优化完成，目标函数值=11777.6532, 收敛=0
2026-02-13 18:53:29 | INFO | [perform_fitting_sync] 参数边界设置完成，共 7 个参数待优化
2026-02-13 18:53:29 | INFO | [perform_fitting_sync] L-BFGS-B优化参数：最大迭代=100
2026-02-13 18:53:29 | INFO | [perform_fitting_sync] L-BFGS-B优化完成，目标函数值=11777.6533, 收敛=0
2026-02-13 18:53:45 | INFO | [perform_fitting_sync] 参数边界设置完成，共 7 个参数待优化
2026-02-13 18:53:45 | INFO | [perform_fitting_sync] L-BFGS-B优化参数：最大迭代=10
2026-02-13 18:53:47 | INFO | [perform_fitting_sync] L-BFGS-B优化完成，目标函数值=7978289.2458, 收敛=1
2026-02-13 18:54:07 | INFO | [perform_fitting_sync] 参数边界设置完成，共 1 个参数待优化
2026-02-13 18:54:07 | INFO | [perform_fitting_sync] L-BFGS-B优化参数：最大迭代=10
2026-02-13 18:54:07 | INFO | [perform_fitting_sync] L-BFGS-B优化完成，目标函数值=12654.0487, 收敛=0
2026-02-13 18:54:20 | INFO | [perform_fitting_sync] 参数边界设置完成，共 6 个参数待优化
2026-02-13 18:54:20 | INFO | [perform_fitting_sync] L-BFGS-B优化参数：最大迭代=10
2026-02-13 18:54:21 | INFO | [perform_fitting_sync] L-BFGS-B优化完成，目标函数值=13167100.6806, 收敛=1
2026-02-13 18:54:30 | INFO | [perform_fitting_sync] 参数边界设置完成，共 6 个参数待优化
2026-02-13 18:54:30 | INFO | [perform_fitting_sync] L-BFGS-B优化参数：最大迭代=10
2026-02-13 18:54:31 | INFO | [perform_fitting_sync] L-BFGS-B优化完成，目标函数值=8059473.3829, 收敛=1
2026-02-13 18:54:34 | INFO | [perform_fitting_sync] 参数边界设置完成，共 6 个参数待优化
2026-02-13 18:54:34 | INFO | [perform_fitting_sync] L-BFGS-B优化参数：最大迭代=10
2026-02-13 18:54:39 | INFO | [perform_fitting_sync] L-BFGS-B优化完成，目标函数值=6586337.9387, 收敛=0
2026-02-13 18:54:41 | INFO | [perform_fitting_sync] 参数边界设置完成，共 6 个参数待优化
2026-02-13 18:54:41 | INFO | [perform_fitting_sync] L-BFGS-B优化参数：最大迭代=10
2026-02-13 18:54:45 | INFO | [perform_fitting_sync] L-BFGS-B优化完成，目标函数值=6586661.4082, 收敛=0
2026-02-13 18:54:48 | INFO | [perform_fitting_sync] 参数边界设置完成，共 7 个参数待优化
2026-02-13 18:54:48 | INFO | [perform_fitting_sync] L-BFGS-B优化参数：最大迭代=10
2026-02-13 18:54:50 | INFO | [perform_fitting_sync] L-BFGS-B优化完成，目标函数值=3078479.6465, 收敛=1
2026-02-13 18:54:56 | INFO | [perform_fitting_sync] 参数边界设置完成，共 7 个参数待优化
2026-02-13 18:54:56 | INFO | [perform_fitting_sync] L-BFGS-B优化参数：最大迭代=10
2026-02-13 18:54:57 | INFO | [perform_fitting_sync] L-BFGS-B优化完成，目标函数值=2598888.7688, 收敛=1
2026-02-13 18:55:00 | INFO | [perform_fitting_sync] 参数边界设置完成，共 7 个参数待优化
2026-02-13 18:55:00 | INFO | [perform_fitting_sync] L-BFGS-B优化参数：最大迭代=10
2026-02-13 18:55:02 | INFO | [perform_fitting_sync] L-BFGS-B优化完成，目标函数值=1310598.5823, 收敛=1
2026-02-13 18:55:07 | INFO | [perform_fitting_sync] 参数边界设置完成，共 7 个参数待优化
2026-02-13 18:55:07 | INFO | [perform_fitting_sync] L-BFGS-B优化参数：最大迭代=10
2026-02-13 18:55:09 | INFO | [perform_fitting_sync] L-BFGS-B优化完成，目标函数值=1536546.6359, 收敛=1
2026-02-13 18:55:11 | INFO | [perform_fitting_sync] 参数边界设置完成，共 7 个参数待优化
2026-02-13 18:55:11 | INFO | [perform_fitting_sync] L-BFGS-B优化参数：最大迭代=10
2026-02-13 18:55:13 | INFO | [perform_fitting_sync] L-BFGS-B优化完成，目标函数值=1519147.2845, 收敛=1
2026-02-13 18:55:31 | INFO | [perform_fitting_sync] 参数边界设置完成，共 7 个参数待优化
2026-02-13 18:55:31 | INFO | [perform_fitting_sync] L-BFGS-B优化参数：最大迭代=10
2026-02-13 18:55:32 | INFO | [perform_fitting_sync] L-BFGS-B优化完成，目标函数值=1566652.7851, 收敛=1
2026-02-13 18:55:46 | INFO | [perform_fitting_sync] 参数边界设置完成，共 7 个参数待优化
2026-02-13 18:55:46 | INFO | [perform_fitting_sync] L-BFGS-B优化参数：最大迭代=10
2026-02-13 18:55:48 | INFO | [perform_fitting_sync] L-BFGS-B优化完成，目标函数值=1315008.4666, 收敛=1
2026-02-13 18:55:52 | INFO | [perform_fitting_sync] 参数边界设置完成，共 7 个参数待优化
2026-02-13 18:55:52 | INFO | [perform_fitting_sync] L-BFGS-B优化参数：最大迭代=10
2026-02-13 18:55:54 | INFO | [perform_fitting_sync] L-BFGS-B优化完成，目标函数值=1275771.7084, 收敛=1
2026-02-13 18:55:58 | INFO | [perform_fitting_sync] 参数边界设置完成，共 8 个参数待优化
2026-02-13 18:55:58 | INFO | [perform_fitting_sync] L-BFGS-B优化参数：最大迭代=10
2026-02-13 18:56:00 | INFO | [perform_fitting_sync] L-BFGS-B优化完成，目标函数值=1171863.9578, 收敛=1
2026-02-13 18:56:03 | INFO | [perform_fitting_sync] 参数边界设置完成，共 8 个参数待优化
2026-02-13 18:56:03 | INFO | [perform_fitting_sync] L-BFGS-B优化参数：最大迭代=10
2026-02-13 18:56:04 | INFO | [perform_fitting_sync] L-BFGS-B优化完成，目标函数值=1135309.6846, 收敛=1
2026-02-13 18:56:07 | INFO | [perform_fitting_sync] 参数边界设置完成，共 8 个参数待优化
2026-02-13 18:56:07 | INFO | [perform_fitting_sync] L-BFGS-B优化参数：最大迭代=10
2026-02-13 18:56:08 | INFO | [perform_fitting_sync] L-BFGS-B优化完成，目标函数值=1116659.3915, 收敛=1
2026-02-13 18:56:11 | INFO | [perform_fitting_sync] 参数边界设置完成，共 8 个参数待优化
2026-02-13 18:56:11 | INFO | [perform_fitting_sync] L-BFGS-B优化参数：最大迭代=10
2026-02-13 18:56:15 | INFO | [perform_fitting_sync] L-BFGS-B优化完成，目标函数值=1104821.8873, 收敛=0
2026-02-13 18:56:24 | INFO | [perform_fitting_sync] 参数边界设置完成，共 8 个参数待优化
2026-02-13 18:56:24 | INFO | [perform_fitting_sync] L-BFGS-B优化参数：最大迭代=10
2026-02-13 18:56:33 | INFO | [perform_fitting_sync] L-BFGS-B优化完成，目标函数值=1104097.3885, 收敛=0
2026-02-13 18:56:41 | INFO | [perform_fitting_sync] 参数边界设置完成，共 8 个参数待优化
2026-02-13 18:56:41 | INFO | [perform_fitting_sync] L-BFGS-B优化参数：最大迭代=10
2026-02-13 18:56:50 | INFO | [perform_fitting_sync] L-BFGS-B优化完成，目标函数值=1104098.6703, 收敛=0
2026-02-13 18:57:01 | INFO | [perform_fitting_sync] 参数边界设置完成，共 8 个参数待优化
2026-02-13 18:57:01 | INFO | [perform_fitting_sync] L-BFGS-B优化参数：最大迭代=10
2026-02-13 18:57:08 | INFO | [perform_fitting_sync] L-BFGS-B优化完成，目标函数值=1104093.4805, 收敛=0
2026-02-13 18:57:18 | INFO | [perform_fitting_sync] 参数边界设置完成，共 9 个参数待优化
2026-02-13 18:57:18 | INFO | [perform_fitting_sync] L-BFGS-B优化参数：最大迭代=10
2026-02-13 18:57:20 | INFO | [perform_fitting_sync] L-BFGS-B优化完成，目标函数值=1103745.0529, 收敛=0
2026-02-13 18:57:46 | INFO | [perform_fitting_sync] 参数边界设置完成，共 8 个参数待优化
2026-02-13 18:57:46 | INFO | [perform_fitting_sync] L-BFGS-B优化参数：最大迭代=100
2026-02-13 18:57:53 | INFO | [perform_fitting_sync] L-BFGS-B优化完成，目标函数值=1104066.3210, 收敛=52
2026-02-13 18:58:19 | INFO | [perform_fitting_sync] 参数边界设置完成，共 8 个参数待优化
2026-02-13 18:58:19 | INFO | [perform_fitting_sync] L-BFGS-B优化参数：最大迭代=10
2026-02-13 18:58:21 | INFO | [perform_fitting_sync] L-BFGS-B优化完成，目标函数值=1146217.6372, 收敛=1
2026-02-13 18:58:34 | INFO | [perform_fitting_sync] 参数边界设置完成，共 7 个参数待优化
2026-02-13 18:58:34 | INFO | [perform_fitting_sync] L-BFGS-B优化参数：最大迭代=10
2026-02-13 18:58:36 | INFO | [perform_fitting_sync] L-BFGS-B优化完成，目标函数值=1242120.9343, 收敛=1
2026-02-13 18:58:39 | INFO | [perform_fitting_sync] 参数边界设置完成，共 7 个参数待优化
2026-02-13 18:58:39 | INFO | [perform_fitting_sync] L-BFGS-B优化参数：最大迭代=10
2026-02-13 18:58:41 | INFO | [perform_fitting_sync] L-BFGS-B优化完成，目标函数值=1234327.1791, 收敛=1
2026-02-13 18:58:49 | INFO | [perform_fitting_sync] 参数边界设置完成，共 7 个参数待优化
2026-02-13 18:58:49 | INFO | [perform_fitting_sync] L-BFGS-B优化参数：最大迭代=10
2026-02-13 18:58:51 | INFO | [perform_fitting_sync] L-BFGS-B优化完成，目标函数值=1229167.7678, 收敛=1
2026-02-13 18:58:57 | INFO | [perform_fitting_sync] 参数边界设置完成，共 7 个参数待优化
2026-02-13 18:58:57 | INFO | [perform_fitting_sync] DE优化参数：种群大小=70, 最大迭代=50
2026-02-13 18:59:21 | INFO | [perform_fitting_sync] DE优化完成，目标函数值=1219070.4672
2026-02-13 18:59:44 | INFO | [perform_fitting_sync] 参数边界设置完成，共 6 个参数待优化
2026-02-13 18:59:44 | INFO | [perform_fitting_sync] DE优化参数：种群大小=60, 最大迭代=50
2026-02-13 19:00:02 | INFO | [perform_fitting_sync] DE优化完成，目标函数值=6205554.9234
2026-02-13 19:00:06 | INFO | [perform_fitting_sync] 参数边界设置完成，共 6 个参数待优化
2026-02-13 19:00:06 | INFO | [perform_fitting_sync] DE优化参数：种群大小=60, 最大迭代=50
2026-02-13 19:00:23 | INFO | [perform_fitting_sync] DE优化完成，目标函数值=1364171.6408
2026-02-13 19:00:28 | INFO | [perform_fitting_sync] 参数边界设置完成，共 6 个参数待优化
2026-02-13 19:00:28 | INFO | [perform_fitting_sync] L-BFGS-B优化参数：最大迭代=10
2026-02-13 19:00:29 | INFO | [perform_fitting_sync] L-BFGS-B优化完成，目标函数值=1333082.0874, 收敛=1
2026-02-13 19:00:39 | INFO | [perform_fitting_sync] 参数边界设置完成，共 7 个参数待优化
2026-02-13 19:00:39 | INFO | [perform_fitting_sync] L-BFGS-B优化参数：最大迭代=10
2026-02-13 19:00:42 | INFO | [perform_fitting_sync] L-BFGS-B优化完成，目标函数值=1228990.1632, 收敛=0
2026-02-13 19:01:16 | INFO | [perform_fitting_sync] 参数边界设置完成，共 8 个参数待优化
2026-02-13 19:01:16 | INFO | [perform_fitting_sync] L-BFGS-B优化参数：最大迭代=10
2026-02-13 19:01:18 | INFO | [perform_fitting_sync] L-BFGS-B优化完成，目标函数值=1140594.4627, 收敛=1
2026-02-13 19:01:20 | INFO | [perform_fitting_sync] 参数边界设置完成，共 8 个参数待优化
2026-02-13 19:01:20 | INFO | [perform_fitting_sync] L-BFGS-B优化参数：最大迭代=10
2026-02-13 19:01:22 | INFO | [perform_fitting_sync] L-BFGS-B优化完成，目标函数值=1068761.8486, 收敛=1
2026-02-13 19:01:27 | INFO | [perform_fitting_sync] 参数边界设置完成，共 8 个参数待优化
2026-02-13 19:01:27 | INFO | [perform_fitting_sync] L-BFGS-B优化参数：最大迭代=10
2026-02-13 19:01:29 | INFO | [perform_fitting_sync] L-BFGS-B优化完成，目标函数值=1052299.1054, 收敛=1
2026-02-13 19:01:32 | INFO | [perform_fitting_sync] 参数边界设置完成，共 8 个参数待优化
2026-02-13 19:01:32 | INFO | [perform_fitting_sync] L-BFGS-B优化参数：最大迭代=10
2026-02-13 19:01:39 | INFO | [perform_fitting_sync] L-BFGS-B优化完成，目标函数值=1048034.6900, 收敛=0
2026-02-13 19:02:04 | INFO | [perform_fitting_sync] 参数边界设置完成，共 8 个参数待优化
2026-02-13 19:02:04 | INFO | [perform_fitting_sync] L-BFGS-B优化参数：最大迭代=10
2026-02-13 19:02:08 | INFO | [perform_fitting_sync] L-BFGS-B优化完成，目标函数值=1047844.2163, 收敛=0
